<html>
<head>
<title>TestNG:  Dollar Days Test</title>
<link href="../testng.css" rel="stylesheet" type="text/css" />
<link href="../my-testng.css" rel="stylesheet" type="text/css" />

<style type="text/css">
.log { display: none;} 
.stack-trace { display: none;} 
</style>
<script type="text/javascript">
<!--
function flip(e) {
  current = e.style.display;
  if (current == 'block') {
    e.style.display = 'none';
    return 0;
  }
  else {
    e.style.display = 'block';
    return 1;
  }
}

function toggleBox(szDivId, elem, msg1, msg2)
{
  var res = -1;  if (document.getElementById) {
    res = flip(document.getElementById(szDivId));
  }
  else if (document.all) {
    // this is the way old msie versions work
    res = flip(document.all[szDivId]);
  }
  if(elem) {
    if(res == 0) elem.innerHTML = msg1; else elem.innerHTML = msg2;
  }

}

function toggleAllBoxes() {
  if (document.getElementsByTagName) {
    d = document.getElementsByTagName('div');
    for (i = 0; i < d.length; i++) {
      if (d[i].className == 'log') {
        flip(d[i]);
      }
    }
  }
}

// -->
</script>

</head>
<body>
<h2 align='center'>Dollar Days Test</h2><table border='1' align="center">
<tr>
<td>Tests passed/Failed/Skipped:</td><td>24/2/0</td>
</tr><tr>
<td>Started on:</td><td>Mon Sep 21 21:53:43 MST 2020</td>
</tr>
<tr><td>Total time:</td><td>1049 seconds (1049528 ms)</td>
</tr><tr>
<td>Included groups:</td><td></td>
</tr><tr>
<td>Excluded groups:</td><td></td>
</tr>
</table><p/>
<small><i>(Hover the method name to see the test class name)</i></small><p/>
<table width='100%' border='1' class='invocation-failed'>
<tr><td colspan='4' align='center'><b>FAILED TESTS</b></td></tr>
<tr><td><b>Test method</b></td>
<td width="30%"><b>Exception</b></td>
<td width="10%"><b>Time (seconds)</b></td>
<td><b>Instance</b></td>
</tr>
<tr>
<td title='com.dollardays.testcases.Team9_ProductDescriptionPageTestCases.TC_DD_PDP_LeftNavigation_Cases()'><b>TC_DD_PDP_LeftNavigation_Cases</b><br>Test class: com.dollardays.testcases.Team9_ProductDescriptionPageTestCases<br>Parameters: {TestCase=Verify 360 degrees, Password=cGFzc3dvcmQxMjM=, Runmode=Yes, SheetName=Left Navigation, Action Type=360 degrees, UserName=srikanthtesting100@gmail.com, TCID=TC7}</td>
<td><div><pre>org.openqa.selenium.NoSuchElementException: no such element: Unable to locate element: {&quot;method&quot;:&quot;xpath&quot;,&quot;selector&quot;:&quot;//*[@id=&apos;inputLoginUsername&apos;]&quot;}
  (Session info: chrome=85.0.4183.102)
  (Driver info: chromedriver=84.0.4147.30 (48b3e868b4cc0aa7e8149519690b6f6949e110a8-refs/branch-heads/4147@{#310}),platform=Windows NT 10.0.18362 x86_64) (WARNING: The server did not provide any stacktrace information)
Command duration or timeout: 162 milliseconds
For documentation on this error, please visit: http://seleniumhq.org/exceptions/no_such_element.html
Build info: version: &apos;2.53.1&apos;, revision: &apos;a36b8b1cd5757287168e54b817830adce9b0158d&apos;, time: &apos;2016-06-30 19:26:09&apos;
System info: host: &apos;sys&apos;, ip: &apos;10.128.180.99&apos;, os.name: &apos;Windows 10&apos;, os.arch: &apos;amd64&apos;, os.version: &apos;10.0&apos;, java.version: &apos;1.8.0_211&apos;
Driver info: org.openqa.selenium.chrome.ChromeDriver
Capabilities [{mobileEmulationEnabled=false, timeouts={implicit=0, pageLoad=300000, script=30000}, hasTouchScreen=false, platform=XP, acceptSslCerts=false, goog:chromeOptions={debuggerAddress=localhost:51419}, acceptInsecureCerts=false, webStorageEnabled=true, browserName=chrome, takesScreenshot=true, javascriptEnabled=true, setWindowRect=true, unexpectedAlertBehaviour=ignore, applicationCacheEnabled=false, rotatable=false, networkConnectionEnabled=false, chrome={chromedriverVersion=84.0.4147.30 (48b3e868b4cc0aa7e8149519690b6f6949e110a8-refs/branch-heads/4147@{#310}), userDataDir=C:\Users\ptnaidu\AppData\Local\Temp\scoped_dir14296_1631980914}, takesHeapSnapshot=true, pageLoadStrategy=normal, strictFileInteractability=false, databaseEnabled=false, handlesAlerts=true, version=85.0.4183.102, browserConnectionEnabled=false, proxy={}, nativeEvents=true, locationContextEnabled=true, cssSelectorsEnabled=true, webauthn:virtualAuthenticators=true}]
Session ID: 3668751d45671ac7d56f1c22dd1d03b4
*** Element info: {Using=xpath, value=//*[@id=&apos;inputLoginUsername&apos;]}
	at org.openqa.selenium.remote.ErrorHandler.createThrowable(ErrorHandler.java:206)
	at org.openqa.selenium.remote.ErrorHandler.throwIfResponseFailed(ErrorHandler.java:158)
	at org.openqa.selenium.remote.RemoteWebDriver.execute(RemoteWebDriver.java:678)
	at org.openqa.selenium.remote.RemoteWebDriver.findElement(RemoteWebDriver.java:363)
	at org.openqa.selenium.remote.RemoteWebDriver.findElementByXPath(RemoteWebDriver.java:500)
	at org.openqa.selenium.By$ByXPath.findElement(By.java:361)
	at org.openqa.selenium.remote.RemoteWebDriver.findElement(RemoteWebDriver.java:355)
	at org.openqa.selenium.support.pagefactory.DefaultElementLocator.findElement(DefaultElementLocator.java:69)
	at org.openqa.selenium.support.pagefactory.internal.LocatingElementHandler.invoke(LocatingElementHandler.java:38)
	at com.sun.proxy.$Proxy9.sendKeys(Unknown Source)
	at com.dollardays.pages.LoginPage.login(LoginPage.java:78)
	at com.dollardays.testcases.Team9_ProductDescriptionPageTestCases.runPreConditions(Team9_ProductDescriptionPageTestCases.java:39)
	at com.dollardays.testcases.Team9_ProductDescriptionPageTestCases.TC_DD_PDP_LeftNavigation_Cases(Team9_ProductDescriptionPageTestCases.java:101)
... Removed 29 stack frames</pre></div><a href='#' onClick='toggleBox("stack-trace1413886135", this, "Click to show all stack frames", "Click to hide stack frames")'>Click to show all stack frames</a>
<div class='stack-trace' id='stack-trace1413886135'><pre>org.openqa.selenium.NoSuchElementException: no such element: Unable to locate element: {&quot;method&quot;:&quot;xpath&quot;,&quot;selector&quot;:&quot;//*[@id=&apos;inputLoginUsername&apos;]&quot;}
  (Session info: chrome=85.0.4183.102)
  (Driver info: chromedriver=84.0.4147.30 (48b3e868b4cc0aa7e8149519690b6f6949e110a8-refs/branch-heads/4147@{#310}),platform=Windows NT 10.0.18362 x86_64) (WARNING: The server did not provide any stacktrace information)
Command duration or timeout: 162 milliseconds
For documentation on this error, please visit: http://seleniumhq.org/exceptions/no_such_element.html
Build info: version: &apos;2.53.1&apos;, revision: &apos;a36b8b1cd5757287168e54b817830adce9b0158d&apos;, time: &apos;2016-06-30 19:26:09&apos;
System info: host: &apos;sys&apos;, ip: &apos;10.128.180.99&apos;, os.name: &apos;Windows 10&apos;, os.arch: &apos;amd64&apos;, os.version: &apos;10.0&apos;, java.version: &apos;1.8.0_211&apos;
Driver info: org.openqa.selenium.chrome.ChromeDriver
Capabilities [{mobileEmulationEnabled=false, timeouts={implicit=0, pageLoad=300000, script=30000}, hasTouchScreen=false, platform=XP, acceptSslCerts=false, goog:chromeOptions={debuggerAddress=localhost:51419}, acceptInsecureCerts=false, webStorageEnabled=true, browserName=chrome, takesScreenshot=true, javascriptEnabled=true, setWindowRect=true, unexpectedAlertBehaviour=ignore, applicationCacheEnabled=false, rotatable=false, networkConnectionEnabled=false, chrome={chromedriverVersion=84.0.4147.30 (48b3e868b4cc0aa7e8149519690b6f6949e110a8-refs/branch-heads/4147@{#310}), userDataDir=C:\Users\ptnaidu\AppData\Local\Temp\scoped_dir14296_1631980914}, takesHeapSnapshot=true, pageLoadStrategy=normal, strictFileInteractability=false, databaseEnabled=false, handlesAlerts=true, version=85.0.4183.102, browserConnectionEnabled=false, proxy={}, nativeEvents=true, locationContextEnabled=true, cssSelectorsEnabled=true, webauthn:virtualAuthenticators=true}]
Session ID: 3668751d45671ac7d56f1c22dd1d03b4
*** Element info: {Using=xpath, value=//*[@id=&apos;inputLoginUsername&apos;]}
	at sun.reflect.NativeConstructorAccessorImpl.newInstance0(Native Method)
	at sun.reflect.NativeConstructorAccessorImpl.newInstance(NativeConstructorAccessorImpl.java:62)
	at sun.reflect.DelegatingConstructorAccessorImpl.newInstance(DelegatingConstructorAccessorImpl.java:45)
	at java.lang.reflect.Constructor.newInstance(Constructor.java:423)
	at org.openqa.selenium.remote.ErrorHandler.createThrowable(ErrorHandler.java:206)
	at org.openqa.selenium.remote.ErrorHandler.throwIfResponseFailed(ErrorHandler.java:158)
	at org.openqa.selenium.remote.RemoteWebDriver.execute(RemoteWebDriver.java:678)
	at org.openqa.selenium.remote.RemoteWebDriver.findElement(RemoteWebDriver.java:363)
	at org.openqa.selenium.remote.RemoteWebDriver.findElementByXPath(RemoteWebDriver.java:500)
	at org.openqa.selenium.By$ByXPath.findElement(By.java:361)
	at org.openqa.selenium.remote.RemoteWebDriver.findElement(RemoteWebDriver.java:355)
	at org.openqa.selenium.support.pagefactory.DefaultElementLocator.findElement(DefaultElementLocator.java:69)
	at org.openqa.selenium.support.pagefactory.internal.LocatingElementHandler.invoke(LocatingElementHandler.java:38)
	at com.sun.proxy.$Proxy9.sendKeys(Unknown Source)
	at com.dollardays.pages.LoginPage.login(LoginPage.java:78)
	at com.dollardays.testcases.Team9_ProductDescriptionPageTestCases.runPreConditions(Team9_ProductDescriptionPageTestCases.java:39)
	at com.dollardays.testcases.Team9_ProductDescriptionPageTestCases.TC_DD_PDP_LeftNavigation_Cases(Team9_ProductDescriptionPageTestCases.java:101)
	at sun.reflect.NativeMethodAccessorImpl.invoke0(Native Method)
	at sun.reflect.NativeMethodAccessorImpl.invoke(NativeMethodAccessorImpl.java:62)
	at sun.reflect.DelegatingMethodAccessorImpl.invoke(DelegatingMethodAccessorImpl.java:43)
	at java.lang.reflect.Method.invoke(Method.java:498)
	at org.testng.internal.MethodInvocationHelper.invokeMethod(MethodInvocationHelper.java:124)
	at org.testng.internal.Invoker.invokeMethod(Invoker.java:583)
	at org.testng.internal.Invoker.invokeTestMethod(Invoker.java:719)
	at org.testng.internal.Invoker.invokeTestMethods(Invoker.java:989)
	at org.testng.internal.TestMethodWorker.invokeTestMethods(TestMethodWorker.java:125)
	at org.testng.internal.TestMethodWorker.run(TestMethodWorker.java:109)
	at org.testng.TestRunner.privateRun(TestRunner.java:648)
	at org.testng.TestRunner.run(TestRunner.java:505)
	at org.testng.SuiteRunner.runTest(SuiteRunner.java:455)
	at org.testng.SuiteRunner.runSequentially(SuiteRunner.java:450)
	at org.testng.SuiteRunner.privateRun(SuiteRunner.java:415)
	at org.testng.SuiteRunner.run(SuiteRunner.java:364)
	at org.testng.SuiteRunnerWorker.runSuite(SuiteRunnerWorker.java:52)
	at org.testng.SuiteRunnerWorker.run(SuiteRunnerWorker.java:84)
	at org.testng.TestNG.runSuitesSequentially(TestNG.java:1208)
	at org.testng.TestNG.runSuitesLocally(TestNG.java:1137)
	at org.testng.TestNG.runSuites(TestNG.java:1049)
	at org.testng.TestNG.run(TestNG.java:1017)
	at org.testng.remote.AbstractRemoteTestNG.run(AbstractRemoteTestNG.java:115)
	at org.testng.remote.RemoteTestNG.initAndRun(RemoteTestNG.java:251)
	at org.testng.remote.RemoteTestNG.main(RemoteTestNG.java:77)
</pre></div></td>
<td>4</td>
<td>com.dollardays.testcases.Team9_ProductDescriptionPageTestCases@56620197</td></tr>
<tr>
<td title='com.dollardays.testcases.Team9_ProductDescriptionPageTestCases.TC_DD_PDP_Quantity_Cases()'><b>TC_DD_PDP_Quantity_Cases</b><br>Test class: com.dollardays.testcases.Team9_ProductDescriptionPageTestCases<br>Parameters: {Close Popup?=Invalid, TestCase=Valid Qty,  Unlimited checkbox unchecked, TCID=TC2, SheetName=Popup, Runmode=Yes, UserName=srikanthtesting100@gmail.com, Password=cGFzc3dvcmQxMjM=, Unlimited Check?=No, Qty=10.0}</td>
<td><div><pre>org.openqa.selenium.NoSuchElementException: no such element: Unable to locate element: {&quot;method&quot;:&quot;xpath&quot;,&quot;selector&quot;:&quot;//input[@id=&apos;ctl00_cphContent_btnClearCart&apos;]&quot;}
  (Session info: chrome=85.0.4183.102)
  (Driver info: chromedriver=84.0.4147.30 (48b3e868b4cc0aa7e8149519690b6f6949e110a8-refs/branch-heads/4147@{#310}),platform=Windows NT 10.0.18362 x86_64) (WARNING: The server did not provide any stacktrace information)
Command duration or timeout: 32 milliseconds
For documentation on this error, please visit: http://seleniumhq.org/exceptions/no_such_element.html
Build info: version: &apos;2.53.1&apos;, revision: &apos;a36b8b1cd5757287168e54b817830adce9b0158d&apos;, time: &apos;2016-06-30 19:26:09&apos;
System info: host: &apos;sys&apos;, ip: &apos;10.128.180.99&apos;, os.name: &apos;Windows 10&apos;, os.arch: &apos;amd64&apos;, os.version: &apos;10.0&apos;, java.version: &apos;1.8.0_211&apos;
Driver info: org.openqa.selenium.chrome.ChromeDriver
Capabilities [{mobileEmulationEnabled=false, timeouts={implicit=0, pageLoad=300000, script=30000}, hasTouchScreen=false, platform=XP, acceptSslCerts=false, goog:chromeOptions={debuggerAddress=localhost:52660}, acceptInsecureCerts=false, webStorageEnabled=true, browserName=chrome, takesScreenshot=true, javascriptEnabled=true, setWindowRect=true, unexpectedAlertBehaviour=ignore, applicationCacheEnabled=false, rotatable=false, networkConnectionEnabled=false, chrome={chromedriverVersion=84.0.4147.30 (48b3e868b4cc0aa7e8149519690b6f6949e110a8-refs/branch-heads/4147@{#310}), userDataDir=C:\Users\ptnaidu\AppData\Local\Temp\scoped_dir25672_916765178}, takesHeapSnapshot=true, pageLoadStrategy=normal, strictFileInteractability=false, databaseEnabled=false, handlesAlerts=true, version=85.0.4183.102, browserConnectionEnabled=false, proxy={}, nativeEvents=true, locationContextEnabled=true, cssSelectorsEnabled=true, webauthn:virtualAuthenticators=true}]
Session ID: a34fc024f0d3b066fb180bef49cbde32
*** Element info: {Using=xpath, value=//input[@id=&apos;ctl00_cphContent_btnClearCart&apos;]}
	at org.openqa.selenium.remote.ErrorHandler.createThrowable(ErrorHandler.java:206)
	at org.openqa.selenium.remote.ErrorHandler.throwIfResponseFailed(ErrorHandler.java:158)
	at org.openqa.selenium.remote.RemoteWebDriver.execute(RemoteWebDriver.java:678)
	at org.openqa.selenium.remote.RemoteWebDriver.findElement(RemoteWebDriver.java:363)
	at org.openqa.selenium.remote.RemoteWebDriver.findElementByXPath(RemoteWebDriver.java:500)
	at org.openqa.selenium.By$ByXPath.findElement(By.java:361)
	at org.openqa.selenium.remote.RemoteWebDriver.findElement(RemoteWebDriver.java:355)
	at org.openqa.selenium.support.pagefactory.DefaultElementLocator.findElement(DefaultElementLocator.java:69)
	at org.openqa.selenium.support.pagefactory.internal.LocatingElementHandler.invoke(LocatingElementHandler.java:38)
	at com.sun.proxy.$Proxy9.click(Unknown Source)
	at com.dollardays.pages.Team9_ProductDescriptionPage.viewAndClearCart(Team9_ProductDescriptionPage.java:92)
	at com.dollardays.pages.Team9_ProductDescriptionPage.verifyAddToMyCart(Team9_ProductDescriptionPage.java:218)
	at com.dollardays.testcases.Team9_ProductDescriptionPageTestCases.TC_DD_PDP_Quantity_Cases(Team9_ProductDescriptionPageTestCases.java:167)
... Removed 29 stack frames</pre></div><a href='#' onClick='toggleBox("stack-trace913746983", this, "Click to show all stack frames", "Click to hide stack frames")'>Click to show all stack frames</a>
<div class='stack-trace' id='stack-trace913746983'><pre>org.openqa.selenium.NoSuchElementException: no such element: Unable to locate element: {&quot;method&quot;:&quot;xpath&quot;,&quot;selector&quot;:&quot;//input[@id=&apos;ctl00_cphContent_btnClearCart&apos;]&quot;}
  (Session info: chrome=85.0.4183.102)
  (Driver info: chromedriver=84.0.4147.30 (48b3e868b4cc0aa7e8149519690b6f6949e110a8-refs/branch-heads/4147@{#310}),platform=Windows NT 10.0.18362 x86_64) (WARNING: The server did not provide any stacktrace information)
Command duration or timeout: 32 milliseconds
For documentation on this error, please visit: http://seleniumhq.org/exceptions/no_such_element.html
Build info: version: &apos;2.53.1&apos;, revision: &apos;a36b8b1cd5757287168e54b817830adce9b0158d&apos;, time: &apos;2016-06-30 19:26:09&apos;
System info: host: &apos;sys&apos;, ip: &apos;10.128.180.99&apos;, os.name: &apos;Windows 10&apos;, os.arch: &apos;amd64&apos;, os.version: &apos;10.0&apos;, java.version: &apos;1.8.0_211&apos;
Driver info: org.openqa.selenium.chrome.ChromeDriver
Capabilities [{mobileEmulationEnabled=false, timeouts={implicit=0, pageLoad=300000, script=30000}, hasTouchScreen=false, platform=XP, acceptSslCerts=false, goog:chromeOptions={debuggerAddress=localhost:52660}, acceptInsecureCerts=false, webStorageEnabled=true, browserName=chrome, takesScreenshot=true, javascriptEnabled=true, setWindowRect=true, unexpectedAlertBehaviour=ignore, applicationCacheEnabled=false, rotatable=false, networkConnectionEnabled=false, chrome={chromedriverVersion=84.0.4147.30 (48b3e868b4cc0aa7e8149519690b6f6949e110a8-refs/branch-heads/4147@{#310}), userDataDir=C:\Users\ptnaidu\AppData\Local\Temp\scoped_dir25672_916765178}, takesHeapSnapshot=true, pageLoadStrategy=normal, strictFileInteractability=false, databaseEnabled=false, handlesAlerts=true, version=85.0.4183.102, browserConnectionEnabled=false, proxy={}, nativeEvents=true, locationContextEnabled=true, cssSelectorsEnabled=true, webauthn:virtualAuthenticators=true}]
Session ID: a34fc024f0d3b066fb180bef49cbde32
*** Element info: {Using=xpath, value=//input[@id=&apos;ctl00_cphContent_btnClearCart&apos;]}
	at sun.reflect.NativeConstructorAccessorImpl.newInstance0(Native Method)
	at sun.reflect.NativeConstructorAccessorImpl.newInstance(NativeConstructorAccessorImpl.java:62)
	at sun.reflect.DelegatingConstructorAccessorImpl.newInstance(DelegatingConstructorAccessorImpl.java:45)
	at java.lang.reflect.Constructor.newInstance(Constructor.java:423)
	at org.openqa.selenium.remote.ErrorHandler.createThrowable(ErrorHandler.java:206)
	at org.openqa.selenium.remote.ErrorHandler.throwIfResponseFailed(ErrorHandler.java:158)
	at org.openqa.selenium.remote.RemoteWebDriver.execute(RemoteWebDriver.java:678)
	at org.openqa.selenium.remote.RemoteWebDriver.findElement(RemoteWebDriver.java:363)
	at org.openqa.selenium.remote.RemoteWebDriver.findElementByXPath(RemoteWebDriver.java:500)
	at org.openqa.selenium.By$ByXPath.findElement(By.java:361)
	at org.openqa.selenium.remote.RemoteWebDriver.findElement(RemoteWebDriver.java:355)
	at org.openqa.selenium.support.pagefactory.DefaultElementLocator.findElement(DefaultElementLocator.java:69)
	at org.openqa.selenium.support.pagefactory.internal.LocatingElementHandler.invoke(LocatingElementHandler.java:38)
	at com.sun.proxy.$Proxy9.click(Unknown Source)
	at com.dollardays.pages.Team9_ProductDescriptionPage.viewAndClearCart(Team9_ProductDescriptionPage.java:92)
	at com.dollardays.pages.Team9_ProductDescriptionPage.verifyAddToMyCart(Team9_ProductDescriptionPage.java:218)
	at com.dollardays.testcases.Team9_ProductDescriptionPageTestCases.TC_DD_PDP_Quantity_Cases(Team9_ProductDescriptionPageTestCases.java:167)
	at sun.reflect.NativeMethodAccessorImpl.invoke0(Native Method)
	at sun.reflect.NativeMethodAccessorImpl.invoke(NativeMethodAccessorImpl.java:62)
	at sun.reflect.DelegatingMethodAccessorImpl.invoke(DelegatingMethodAccessorImpl.java:43)
	at java.lang.reflect.Method.invoke(Method.java:498)
	at org.testng.internal.MethodInvocationHelper.invokeMethod(MethodInvocationHelper.java:124)
	at org.testng.internal.Invoker.invokeMethod(Invoker.java:583)
	at org.testng.internal.Invoker.invokeTestMethod(Invoker.java:719)
	at org.testng.internal.Invoker.invokeTestMethods(Invoker.java:989)
	at org.testng.internal.TestMethodWorker.invokeTestMethods(TestMethodWorker.java:125)
	at org.testng.internal.TestMethodWorker.run(TestMethodWorker.java:109)
	at org.testng.TestRunner.privateRun(TestRunner.java:648)
	at org.testng.TestRunner.run(TestRunner.java:505)
	at org.testng.SuiteRunner.runTest(SuiteRunner.java:455)
	at org.testng.SuiteRunner.runSequentially(SuiteRunner.java:450)
	at org.testng.SuiteRunner.privateRun(SuiteRunner.java:415)
	at org.testng.SuiteRunner.run(SuiteRunner.java:364)
	at org.testng.SuiteRunnerWorker.runSuite(SuiteRunnerWorker.java:52)
	at org.testng.SuiteRunnerWorker.run(SuiteRunnerWorker.java:84)
	at org.testng.TestNG.runSuitesSequentially(TestNG.java:1208)
	at org.testng.TestNG.runSuitesLocally(TestNG.java:1137)
	at org.testng.TestNG.runSuites(TestNG.java:1049)
	at org.testng.TestNG.run(TestNG.java:1017)
	at org.testng.remote.AbstractRemoteTestNG.run(AbstractRemoteTestNG.java:115)
	at org.testng.remote.RemoteTestNG.initAndRun(RemoteTestNG.java:251)
	at org.testng.remote.RemoteTestNG.main(RemoteTestNG.java:77)
</pre></div></td>
<td>28</td>
<td>com.dollardays.testcases.Team9_ProductDescriptionPageTestCases@56620197</td></tr>
</table><p>
<table width='100%' border='1' class='invocation-passed'>
<tr><td colspan='4' align='center'><b>PASSED TESTS</b></td></tr>
<tr><td><b>Test method</b></td>
<td width="30%"><b>Exception</b></td>
<td width="10%"><b>Time (seconds)</b></td>
<td><b>Instance</b></td>
</tr>
<tr>
<td title='com.dollardays.testcases.Team9_ProductDescriptionPageTestCases.TC_DD_PDP_Entry_Cases()'><b>TC_DD_PDP_Entry_Cases</b><br>Test class: com.dollardays.testcases.Team9_ProductDescriptionPageTestCases<br>Parameters: {TestCase=Verifying with Alpha characters, Password=cGFzc3dvcmQxMjM=, Runmode=Yes, SheetName=Entry, Qty=ABCDE, UserName=srikanthtesting100@gmail.com, TCID=TC1}</td>
<td></td>
<td>26</td>
<td>com.dollardays.testcases.Team9_ProductDescriptionPageTestCases@56620197</td></tr>
<tr>
<td title='com.dollardays.testcases.Team9_ProductDescriptionPageTestCases.TC_DD_PDP_Entry_Cases()'><b>TC_DD_PDP_Entry_Cases</b><br>Test class: com.dollardays.testcases.Team9_ProductDescriptionPageTestCases<br>Parameters: {TestCase=Verifying with Special Characters, Password=cGFzc3dvcmQxMjM=, Runmode=Yes, SheetName=Entry, Qty=!@#$, UserName=srikanthtesting100@gmail.com, TCID=TC2}</td>
<td></td>
<td>24</td>
<td>com.dollardays.testcases.Team9_ProductDescriptionPageTestCases@56620197</td></tr>
<tr>
<td title='com.dollardays.testcases.Team9_ProductDescriptionPageTestCases.TC_DD_PDP_LeftNavigation_Cases()'><b>TC_DD_PDP_LeftNavigation_Cases</b><br>Test class: com.dollardays.testcases.Team9_ProductDescriptionPageTestCases<br>Parameters: {TestCase=Verify Scrolling up, Password=cGFzc3dvcmQxMjM=, Runmode=Yes, SheetName=Left Navigation, Action Type=Scroll Up, UserName=srikanthtesting100@gmail.com, TCID=TC1}</td>
<td></td>
<td>20</td>
<td>com.dollardays.testcases.Team9_ProductDescriptionPageTestCases@56620197</td></tr>
<tr>
<td title='com.dollardays.testcases.Team9_ProductDescriptionPageTestCases.TC_DD_PDP_LeftNavigation_Cases()'><b>TC_DD_PDP_LeftNavigation_Cases</b><br>Test class: com.dollardays.testcases.Team9_ProductDescriptionPageTestCases<br>Parameters: {TestCase=Verify Scrolling Down, Password=cGFzc3dvcmQxMjM=, Runmode=Yes, SheetName=Left Navigation, Action Type=Scroll Down, UserName=srikanthtesting100@gmail.com, TCID=TC2}</td>
<td></td>
<td>20</td>
<td>com.dollardays.testcases.Team9_ProductDescriptionPageTestCases@56620197</td></tr>
<tr>
<td title='com.dollardays.testcases.Team9_ProductDescriptionPageTestCases.TC_DD_PDP_LeftNavigation_Cases()'><b>TC_DD_PDP_LeftNavigation_Cases</b><br>Test class: com.dollardays.testcases.Team9_ProductDescriptionPageTestCases<br>Parameters: {TestCase=Verify Zooming In, Password=cGFzc3dvcmQxMjM=, Runmode=Yes, SheetName=Left Navigation, Action Type=Zoom in, UserName=srikanthtesting100@gmail.com, TCID=TC3}</td>
<td></td>
<td>23</td>
<td>com.dollardays.testcases.Team9_ProductDescriptionPageTestCases@56620197</td></tr>
<tr>
<td title='com.dollardays.testcases.Team9_ProductDescriptionPageTestCases.TC_DD_PDP_LeftNavigation_Cases()'><b>TC_DD_PDP_LeftNavigation_Cases</b><br>Test class: com.dollardays.testcases.Team9_ProductDescriptionPageTestCases<br>Parameters: {TestCase=Verify Zooming Out, Password=cGFzc3dvcmQxMjM=, Runmode=Yes, SheetName=Left Navigation, Action Type=Zoom out, UserName=srikanthtesting100@gmail.com, TCID=TC4}</td>
<td></td>
<td>24</td>
<td>com.dollardays.testcases.Team9_ProductDescriptionPageTestCases@56620197</td></tr>
<tr>
<td title='com.dollardays.testcases.Team9_ProductDescriptionPageTestCases.TC_DD_PDP_LeftNavigation_Cases()'><b>TC_DD_PDP_LeftNavigation_Cases</b><br>Test class: com.dollardays.testcases.Team9_ProductDescriptionPageTestCases<br>Parameters: {TestCase=Verify Next Image, Password=cGFzc3dvcmQxMjM=, Runmode=Yes, SheetName=Left Navigation, Action Type=Next Image, UserName=srikanthtesting100@gmail.com, TCID=TC5}</td>
<td></td>
<td>22</td>
<td>com.dollardays.testcases.Team9_ProductDescriptionPageTestCases@56620197</td></tr>
<tr>
<td title='com.dollardays.testcases.Team9_ProductDescriptionPageTestCases.TC_DD_PDP_LeftNavigation_Cases()'><b>TC_DD_PDP_LeftNavigation_Cases</b><br>Test class: com.dollardays.testcases.Team9_ProductDescriptionPageTestCases<br>Parameters: {TestCase=Verify Previous Image, Password=cGFzc3dvcmQxMjM=, Runmode=Yes, SheetName=Left Navigation, Action Type=Previous Image, UserName=srikanthtesting100@gmail.com, TCID=TC6}</td>
<td></td>
<td>27</td>
<td>com.dollardays.testcases.Team9_ProductDescriptionPageTestCases@56620197</td></tr>
<tr>
<td title='com.dollardays.testcases.Team9_ProductDescriptionPageTestCases.TC_DD_PDP_ProductDetails_Cases()'><b>TC_DD_PDP_ProductDetails_Cases</b><br>Test class: com.dollardays.testcases.Team9_ProductDescriptionPageTestCases<br>Parameters: {TestCase=Verify Image is displayed., Password=cGFzc3dvcmQxMjM=, Runmode=Yes, SheetName=Product Details, Verify Value=Image, UserName=srikanthtesting100@gmail.com, TCID=TC1}</td>
<td></td>
<td>20</td>
<td>com.dollardays.testcases.Team9_ProductDescriptionPageTestCases@56620197</td></tr>
<tr>
<td title='com.dollardays.testcases.Team9_ProductDescriptionPageTestCases.TC_DD_PDP_ProductDetails_Cases()'><b>TC_DD_PDP_ProductDetails_Cases</b><br>Test class: com.dollardays.testcases.Team9_ProductDescriptionPageTestCases<br>Parameters: {TestCase=Verify Price is displayed., Password=cGFzc3dvcmQxMjM=, Runmode=Yes, SheetName=Product Details, Verify Value=Price, UserName=srikanthtesting100@gmail.com, TCID=TC2}</td>
<td></td>
<td>20</td>
<td>com.dollardays.testcases.Team9_ProductDescriptionPageTestCases@56620197</td></tr>
<tr>
<td title='com.dollardays.testcases.Team9_ProductDescriptionPageTestCases.TC_DD_PDP_ProductDetails_Cases()'><b>TC_DD_PDP_ProductDetails_Cases</b><br>Test class: com.dollardays.testcases.Team9_ProductDescriptionPageTestCases<br>Parameters: {TestCase=Verify Product specifications are displayed., Password=cGFzc3dvcmQxMjM=, Runmode=Yes, SheetName=Product Details, Verify Value=Product Specifications, UserName=srikanthtesting100@gmail.com, TCID=TC3}</td>
<td></td>
<td>19</td>
<td>com.dollardays.testcases.Team9_ProductDescriptionPageTestCases@56620197</td></tr>
<tr>
<td title='com.dollardays.testcases.Team9_ProductDescriptionPageTestCases.TC_DD_PDP_ProductDetails_Cases()'><b>TC_DD_PDP_ProductDetails_Cases</b><br>Test class: com.dollardays.testcases.Team9_ProductDescriptionPageTestCases<br>Parameters: {TestCase=Verify Product seller ratings are displayed., Password=cGFzc3dvcmQxMjM=, Runmode=Yes, SheetName=Product Details, Verify Value=Ratings, UserName=srikanthtesting100@gmail.com, TCID=TC4}</td>
<td></td>
<td>19</td>
<td>com.dollardays.testcases.Team9_ProductDescriptionPageTestCases@56620197</td></tr>
<tr>
<td title='com.dollardays.testcases.Team9_ProductDescriptionPageTestCases.TC_DD_PDP_ProductDetails_Cases()'><b>TC_DD_PDP_ProductDetails_Cases</b><br>Test class: com.dollardays.testcases.Team9_ProductDescriptionPageTestCases<br>Parameters: {TestCase=Verify all variations of product are displayed., Password=cGFzc3dvcmQxMjM=, Runmode=Yes, SheetName=Product Details, Verify Value=Variations, UserName=srikanthtesting100@gmail.com, TCID=TC5}</td>
<td></td>
<td>20</td>
<td>com.dollardays.testcases.Team9_ProductDescriptionPageTestCases@56620197</td></tr>
<tr>
<td title='com.dollardays.testcases.Team9_ProductDescriptionPageTestCases.TC_DD_PDP_ProductDetails_Cases()'><b>TC_DD_PDP_ProductDetails_Cases</b><br>Test class: com.dollardays.testcases.Team9_ProductDescriptionPageTestCases<br>Parameters: {TestCase=Verify Add to Cart is displayed., Password=cGFzc3dvcmQxMjM=, Runmode=Yes, SheetName=Product Details, Verify Value=Add to Cart, UserName=srikanthtesting100@gmail.com, TCID=TC6}</td>
<td></td>
<td>23</td>
<td>com.dollardays.testcases.Team9_ProductDescriptionPageTestCases@56620197</td></tr>
<tr>
<td title='com.dollardays.testcases.Team9_ProductDescriptionPageTestCases.TC_DD_PDP_ProductDetails_Cases()'><b>TC_DD_PDP_ProductDetails_Cases</b><br>Test class: com.dollardays.testcases.Team9_ProductDescriptionPageTestCases<br>Parameters: {TestCase=Verify Product description is displayed., Password=cGFzc3dvcmQxMjM=, Runmode=Yes, SheetName=Product Details, Verify Value=Product Description, UserName=srikanthtesting100@gmail.com, TCID=TC7}</td>
<td></td>
<td>19</td>
<td>com.dollardays.testcases.Team9_ProductDescriptionPageTestCases@56620197</td></tr>
<tr>
<td title='com.dollardays.testcases.Team9_ProductDescriptionPageTestCases.TC_DD_PDP_ProductDetails_Cases()'><b>TC_DD_PDP_ProductDetails_Cases</b><br>Test class: com.dollardays.testcases.Team9_ProductDescriptionPageTestCases<br>Parameters: {TestCase=Verify "Have a question?" Field is displayed., Password=cGFzc3dvcmQxMjM=, Runmode=Yes, SheetName=Product Details, Verify Value=Have a question, UserName=srikanthtesting100@gmail.com, TCID=TC8}</td>
<td></td>
<td>20</td>
<td>com.dollardays.testcases.Team9_ProductDescriptionPageTestCases@56620197</td></tr>
<tr>
<td title='com.dollardays.testcases.Team9_ProductDescriptionPageTestCases.TC_DD_PDP_ProductDetails_Cases()'><b>TC_DD_PDP_ProductDetails_Cases</b><br>Test class: com.dollardays.testcases.Team9_ProductDescriptionPageTestCases<br>Parameters: {TestCase=Verify Write review button is displayed., Password=cGFzc3dvcmQxMjM=, Runmode=Yes, SheetName=Product Details, Verify Value=Write Review, UserName=srikanthtesting100@gmail.com, TCID=TC9}</td>
<td></td>
<td>22</td>
<td>com.dollardays.testcases.Team9_ProductDescriptionPageTestCases@56620197</td></tr>
<tr>
<td title='com.dollardays.testcases.Team9_ProductDescriptionPageTestCases.TC_DD_PDP_Quantity_Cases()'><b>TC_DD_PDP_Quantity_Cases</b><br>Test class: com.dollardays.testcases.Team9_ProductDescriptionPageTestCases<br>Parameters: {Close Popup?=CloseBtn, TestCase=Zero Qty,  Unlimited checkbox unchecked, Close popup by pressing Close button, TCID=TC1, SheetName=Popup, Runmode=Yes, UserName=srikanthtesting100@gmail.com, Password=cGFzc3dvcmQxMjM=, Unlimited Check?=No, Qty=0.0}</td>
<td></td>
<td>29</td>
<td>com.dollardays.testcases.Team9_ProductDescriptionPageTestCases@56620197</td></tr>
<tr>
<td title='com.dollardays.testcases.Team9_ProductDescriptionPageTestCases.TC_DD_PDP_Quantity_Cases()'><b>TC_DD_PDP_Quantity_Cases</b><br>Test class: com.dollardays.testcases.Team9_ProductDescriptionPageTestCases<br>Parameters: {Close Popup?=CloseBtn, TestCase=Invalid Qty,  Unlimited checkbox unchecked, Close popup by pressing Close button, TCID=TC3, SheetName=Popup, Runmode=Yes, UserName=srikanthtesting100@gmail.com, Password=cGFzc3dvcmQxMjM=, Unlimited Check?=No, Qty=100000.0}</td>
<td></td>
<td>28</td>
<td>com.dollardays.testcases.Team9_ProductDescriptionPageTestCases@56620197</td></tr>
<tr>
<td title='com.dollardays.testcases.Team9_ProductDescriptionPageTestCases.TC_DD_PDP_Quantity_Cases()'><b>TC_DD_PDP_Quantity_Cases</b><br>Test class: com.dollardays.testcases.Team9_ProductDescriptionPageTestCases<br>Parameters: {Close Popup?=Invalid, TestCase=Zero Qty,  Unlimited checkbox checked, TCID=TC4, SheetName=Popup, Runmode=Yes, UserName=srikanthtesting100@gmail.com, Password=cGFzc3dvcmQxMjM=, Unlimited Check?=Yes, Qty=0.0}</td>
<td></td>
<td>27</td>
<td>com.dollardays.testcases.Team9_ProductDescriptionPageTestCases@56620197</td></tr>
<tr>
<td title='com.dollardays.testcases.Team9_ProductDescriptionPageTestCases.TC_DD_PDP_Quantity_Cases()'><b>TC_DD_PDP_Quantity_Cases</b><br>Test class: com.dollardays.testcases.Team9_ProductDescriptionPageTestCases<br>Parameters: {Close Popup?=Invalid, TestCase=Valid Qty,  Unlimited checkbox checked, TCID=TC5, SheetName=Popup, Runmode=Yes, UserName=srikanthtesting100@gmail.com, Password=cGFzc3dvcmQxMjM=, Unlimited Check?=Yes, Qty=10.0}</td>
<td></td>
<td>26</td>
<td>com.dollardays.testcases.Team9_ProductDescriptionPageTestCases@56620197</td></tr>
<tr>
<td title='com.dollardays.testcases.Team9_ProductDescriptionPageTestCases.TC_DD_PDP_Quantity_Cases()'><b>TC_DD_PDP_Quantity_Cases</b><br>Test class: com.dollardays.testcases.Team9_ProductDescriptionPageTestCases<br>Parameters: {Close Popup?=Invalid, TestCase=Invalid Qty,  Unlimited checkbox checked, TCID=TC6, SheetName=Popup, Runmode=Yes, UserName=srikanthtesting100@gmail.com, Password=cGFzc3dvcmQxMjM=, Unlimited Check?=Yes, Qty=100000.0}</td>
<td></td>
<td>27</td>
<td>com.dollardays.testcases.Team9_ProductDescriptionPageTestCases@56620197</td></tr>
<tr>
<td title='com.dollardays.testcases.Team9_ProductDescriptionPageTestCases.TC_DD_PDP_Quantity_Cases()'><b>TC_DD_PDP_Quantity_Cases</b><br>Test class: com.dollardays.testcases.Team9_ProductDescriptionPageTestCases<br>Parameters: {Close Popup?=Outside, TestCase=Zero Qty,  Unlimited checkbox unchecked, Close popup by pressing outside the popup, TCID=TC7, SheetName=Popup, Runmode=Yes, UserName=srikanthtesting100@gmail.com, Password=cGFzc3dvcmQxMjM=, Unlimited Check?=No, Qty=0.0}</td>
<td></td>
<td>29</td>
<td>com.dollardays.testcases.Team9_ProductDescriptionPageTestCases@56620197</td></tr>
<tr>
<td title='com.dollardays.testcases.Team9_ProductDescriptionPageTestCases.TC_DD_PDP_Quantity_Cases()'><b>TC_DD_PDP_Quantity_Cases</b><br>Test class: com.dollardays.testcases.Team9_ProductDescriptionPageTestCases<br>Parameters: {Close Popup?=Outside, TestCase=Invalid Qty,  Unlimited checkbox unchecked, Close popup by pressing outside the popup, TCID=TC8, SheetName=Popup, Runmode=Yes, UserName=srikanthtesting100@gmail.com, Password=cGFzc3dvcmQxMjM=, Unlimited Check?=No, Qty=100000.0}</td>
<td></td>
<td>27</td>
<td>com.dollardays.testcases.Team9_ProductDescriptionPageTestCases@56620197</td></tr>
</table><p>
</body>
</html>