<?xml version="1.0" encoding="UTF-8"?>
<!-- Generated by org.testng.reporters.JUnitXMLReporter -->
<testsuite hostname="sys" ignored="0" name="Dollar Days Test" tests="26" failures="2" timestamp="22 Sep 2020 05:11:13 GMT" time="1049.528" errors="0">
  <testcase name="TC_DD_PDP_Entry_Cases" time="26.144" classname="com.dollardays.testcases.Team9_ProductDescriptionPageTestCases"/>
  <testcase name="TC_DD_PDP_Entry_Cases" time="24.847" classname="com.dollardays.testcases.Team9_ProductDescriptionPageTestCases"/>
  <testcase name="TC_DD_PDP_LeftNavigation_Cases" time="20.677" classname="com.dollardays.testcases.Team9_ProductDescriptionPageTestCases"/>
  <testcase name="TC_DD_PDP_LeftNavigation_Cases" time="20.493" classname="com.dollardays.testcases.Team9_ProductDescriptionPageTestCases"/>
  <testcase name="TC_DD_PDP_LeftNavigation_Cases" time="23.732" classname="com.dollardays.testcases.Team9_ProductDescriptionPageTestCases"/>
  <testcase name="TC_DD_PDP_LeftNavigation_Cases" time="24.911" classname="com.dollardays.testcases.Team9_ProductDescriptionPageTestCases"/>
  <testcase name="TC_DD_PDP_LeftNavigation_Cases" time="22.028" classname="com.dollardays.testcases.Team9_ProductDescriptionPageTestCases"/>
  <testcase name="TC_DD_PDP_LeftNavigation_Cases" time="27.477" classname="com.dollardays.testcases.Team9_ProductDescriptionPageTestCases"/>
  <testcase name="TC_DD_PDP_LeftNavigation_Cases" time="4.18" classname="com.dollardays.testcases.Team9_ProductDescriptionPageTestCases">
    <failure type="org.openqa.selenium.NoSuchElementException" message="no such element: Unable to locate element: {&amp;quot;method&amp;quot;:&amp;quot;xpath&amp;quot;,&amp;quot;selector&amp;quot;:&amp;quot;//*[@id=&amp;apos;inputLoginUsername&amp;apos;]&amp;quot;}
  (Session info: chrome=85.0.4183.102)
  (Driver info: chromedriver=84.0.4147.30 (48b3e868b4cc0aa7e8149519690b6f6949e110a8-refs/branch-heads/4147@{#310}),platform=Windows NT 10.0.18362 x86_64) (WARNING: The server did not provide any stacktrace information)
Command duration or timeout: 162 milliseconds
For documentation on this error, please visit: http://seleniumhq.org/exceptions/no_such_element.html
Build info: version: &amp;apos;2.53.1&amp;apos;, revision: &amp;apos;a36b8b1cd5757287168e54b817830adce9b0158d&amp;apos;, time: &amp;apos;2016-06-30 19:26:09&amp;apos;
System info: host: &amp;apos;sys&amp;apos;, ip: &amp;apos;10.128.180.99&amp;apos;, os.name: &amp;apos;Windows 10&amp;apos;, os.arch: &amp;apos;amd64&amp;apos;, os.version: &amp;apos;10.0&amp;apos;, java.version: &amp;apos;1.8.0_211&amp;apos;
Driver info: org.openqa.selenium.chrome.ChromeDriver
Capabilities [{mobileEmulationEnabled=false, timeouts={implicit=0, pageLoad=300000, script=30000}, hasTouchScreen=false, platform=XP, acceptSslCerts=false, goog:chromeOptions={debuggerAddress=localhost:51419}, acceptInsecureCerts=false, webStorageEnabled=true, browserName=chrome, takesScreenshot=true, javascriptEnabled=true, setWindowRect=true, unexpectedAlertBehaviour=ignore, applicationCacheEnabled=false, rotatable=false, networkConnectionEnabled=false, chrome={chromedriverVersion=84.0.4147.30 (48b3e868b4cc0aa7e8149519690b6f6949e110a8-refs/branch-heads/4147@{#310}), userDataDir=C:\Users\ptnaidu\AppData\Local\Temp\scoped_dir14296_1631980914}, takesHeapSnapshot=true, pageLoadStrategy=normal, strictFileInteractability=false, databaseEnabled=false, handlesAlerts=true, version=85.0.4183.102, browserConnectionEnabled=false, proxy={}, nativeEvents=true, locationContextEnabled=true, cssSelectorsEnabled=true, webauthn:virtualAuthenticators=true}]
Session ID: 3668751d45671ac7d56f1c22dd1d03b4
*** Element info: {Using=xpath, value=//*[@id=&amp;apos;inputLoginUsername&amp;apos;]}">
      <![CDATA[org.openqa.selenium.NoSuchElementException: no such element: Unable to locate element: {"method":"xpath","selector":"//*[@id='inputLoginUsername']"}
  (Session info: chrome=85.0.4183.102)
  (Driver info: chromedriver=84.0.4147.30 (48b3e868b4cc0aa7e8149519690b6f6949e110a8-refs/branch-heads/4147@{#310}),platform=Windows NT 10.0.18362 x86_64) (WARNING: The server did not provide any stacktrace information)
Command duration or timeout: 162 milliseconds
For documentation on this error, please visit: http://seleniumhq.org/exceptions/no_such_element.html
Build info: version: '2.53.1', revision: 'a36b8b1cd5757287168e54b817830adce9b0158d', time: '2016-06-30 19:26:09'
System info: host: 'sys', ip: '10.128.180.99', os.name: 'Windows 10', os.arch: 'amd64', os.version: '10.0', java.version: '1.8.0_211'
Driver info: org.openqa.selenium.chrome.ChromeDriver
Capabilities [{mobileEmulationEnabled=false, timeouts={implicit=0, pageLoad=300000, script=30000}, hasTouchScreen=false, platform=XP, acceptSslCerts=false, goog:chromeOptions={debuggerAddress=localhost:51419}, acceptInsecureCerts=false, webStorageEnabled=true, browserName=chrome, takesScreenshot=true, javascriptEnabled=true, setWindowRect=true, unexpectedAlertBehaviour=ignore, applicationCacheEnabled=false, rotatable=false, networkConnectionEnabled=false, chrome={chromedriverVersion=84.0.4147.30 (48b3e868b4cc0aa7e8149519690b6f6949e110a8-refs/branch-heads/4147@{#310}), userDataDir=C:\Users\ptnaidu\AppData\Local\Temp\scoped_dir14296_1631980914}, takesHeapSnapshot=true, pageLoadStrategy=normal, strictFileInteractability=false, databaseEnabled=false, handlesAlerts=true, version=85.0.4183.102, browserConnectionEnabled=false, proxy={}, nativeEvents=true, locationContextEnabled=true, cssSelectorsEnabled=true, webauthn:virtualAuthenticators=true}]
Session ID: 3668751d45671ac7d56f1c22dd1d03b4
*** Element info: {Using=xpath, value=//*[@id='inputLoginUsername']}
at org.openqa.selenium.remote.ErrorHandler.createThrowable(ErrorHandler.java:206)
at org.openqa.selenium.remote.ErrorHandler.throwIfResponseFailed(ErrorHandler.java:158)
at org.openqa.selenium.remote.RemoteWebDriver.execute(RemoteWebDriver.java:678)
at org.openqa.selenium.remote.RemoteWebDriver.findElement(RemoteWebDriver.java:363)
at org.openqa.selenium.remote.RemoteWebDriver.findElementByXPath(RemoteWebDriver.java:500)
at org.openqa.selenium.By$ByXPath.findElement(By.java:361)
at org.openqa.selenium.remote.RemoteWebDriver.findElement(RemoteWebDriver.java:355)
at org.openqa.selenium.support.pagefactory.DefaultElementLocator.findElement(DefaultElementLocator.java:69)
at org.openqa.selenium.support.pagefactory.internal.LocatingElementHandler.invoke(LocatingElementHandler.java:38)
at com.sun.proxy.$Proxy9.sendKeys(Unknown Source)
at com.dollardays.pages.LoginPage.login(LoginPage.java:78)
at com.dollardays.testcases.Team9_ProductDescriptionPageTestCases.runPreConditions(Team9_ProductDescriptionPageTestCases.java:39)
at com.dollardays.testcases.Team9_ProductDescriptionPageTestCases.TC_DD_PDP_LeftNavigation_Cases(Team9_ProductDescriptionPageTestCases.java:101)
... Removed 29 stack frames]]>
    </failure>
  </testcase> <!-- TC_DD_PDP_LeftNavigation_Cases -->
  <testcase name="TC_DD_PDP_ProductDetails_Cases" time="20.286" classname="com.dollardays.testcases.Team9_ProductDescriptionPageTestCases"/>
  <testcase name="TC_DD_PDP_ProductDetails_Cases" time="20.121" classname="com.dollardays.testcases.Team9_ProductDescriptionPageTestCases"/>
  <testcase name="TC_DD_PDP_ProductDetails_Cases" time="19.911" classname="com.dollardays.testcases.Team9_ProductDescriptionPageTestCases"/>
  <testcase name="TC_DD_PDP_ProductDetails_Cases" time="19.862" classname="com.dollardays.testcases.Team9_ProductDescriptionPageTestCases"/>
  <testcase name="TC_DD_PDP_ProductDetails_Cases" time="20.681" classname="com.dollardays.testcases.Team9_ProductDescriptionPageTestCases"/>
  <testcase name="TC_DD_PDP_ProductDetails_Cases" time="23.897" classname="com.dollardays.testcases.Team9_ProductDescriptionPageTestCases"/>
  <testcase name="TC_DD_PDP_ProductDetails_Cases" time="19.285" classname="com.dollardays.testcases.Team9_ProductDescriptionPageTestCases"/>
  <testcase name="TC_DD_PDP_ProductDetails_Cases" time="20.69" classname="com.dollardays.testcases.Team9_ProductDescriptionPageTestCases"/>
  <testcase name="TC_DD_PDP_ProductDetails_Cases" time="22.815" classname="com.dollardays.testcases.Team9_ProductDescriptionPageTestCases"/>
  <testcase name="TC_DD_PDP_Quantity_Cases" time="29.245" classname="com.dollardays.testcases.Team9_ProductDescriptionPageTestCases"/>
  <testcase name="TC_DD_PDP_Quantity_Cases" time="28.414" classname="com.dollardays.testcases.Team9_ProductDescriptionPageTestCases">
    <failure type="org.openqa.selenium.NoSuchElementException" message="no such element: Unable to locate element: {&amp;quot;method&amp;quot;:&amp;quot;xpath&amp;quot;,&amp;quot;selector&amp;quot;:&amp;quot;//input[@id=&amp;apos;ctl00_cphContent_btnClearCart&amp;apos;]&amp;quot;}
  (Session info: chrome=85.0.4183.102)
  (Driver info: chromedriver=84.0.4147.30 (48b3e868b4cc0aa7e8149519690b6f6949e110a8-refs/branch-heads/4147@{#310}),platform=Windows NT 10.0.18362 x86_64) (WARNING: The server did not provide any stacktrace information)
Command duration or timeout: 32 milliseconds
For documentation on this error, please visit: http://seleniumhq.org/exceptions/no_such_element.html
Build info: version: &amp;apos;2.53.1&amp;apos;, revision: &amp;apos;a36b8b1cd5757287168e54b817830adce9b0158d&amp;apos;, time: &amp;apos;2016-06-30 19:26:09&amp;apos;
System info: host: &amp;apos;sys&amp;apos;, ip: &amp;apos;10.128.180.99&amp;apos;, os.name: &amp;apos;Windows 10&amp;apos;, os.arch: &amp;apos;amd64&amp;apos;, os.version: &amp;apos;10.0&amp;apos;, java.version: &amp;apos;1.8.0_211&amp;apos;
Driver info: org.openqa.selenium.chrome.ChromeDriver
Capabilities [{mobileEmulationEnabled=false, timeouts={implicit=0, pageLoad=300000, script=30000}, hasTouchScreen=false, platform=XP, acceptSslCerts=false, goog:chromeOptions={debuggerAddress=localhost:52660}, acceptInsecureCerts=false, webStorageEnabled=true, browserName=chrome, takesScreenshot=true, javascriptEnabled=true, setWindowRect=true, unexpectedAlertBehaviour=ignore, applicationCacheEnabled=false, rotatable=false, networkConnectionEnabled=false, chrome={chromedriverVersion=84.0.4147.30 (48b3e868b4cc0aa7e8149519690b6f6949e110a8-refs/branch-heads/4147@{#310}), userDataDir=C:\Users\ptnaidu\AppData\Local\Temp\scoped_dir25672_916765178}, takesHeapSnapshot=true, pageLoadStrategy=normal, strictFileInteractability=false, databaseEnabled=false, handlesAlerts=true, version=85.0.4183.102, browserConnectionEnabled=false, proxy={}, nativeEvents=true, locationContextEnabled=true, cssSelectorsEnabled=true, webauthn:virtualAuthenticators=true}]
Session ID: a34fc024f0d3b066fb180bef49cbde32
*** Element info: {Using=xpath, value=//input[@id=&amp;apos;ctl00_cphContent_btnClearCart&amp;apos;]}">
      <![CDATA[org.openqa.selenium.NoSuchElementException: no such element: Unable to locate element: {"method":"xpath","selector":"//input[@id='ctl00_cphContent_btnClearCart']"}
  (Session info: chrome=85.0.4183.102)
  (Driver info: chromedriver=84.0.4147.30 (48b3e868b4cc0aa7e8149519690b6f6949e110a8-refs/branch-heads/4147@{#310}),platform=Windows NT 10.0.18362 x86_64) (WARNING: The server did not provide any stacktrace information)
Command duration or timeout: 32 milliseconds
For documentation on this error, please visit: http://seleniumhq.org/exceptions/no_such_element.html
Build info: version: '2.53.1', revision: 'a36b8b1cd5757287168e54b817830adce9b0158d', time: '2016-06-30 19:26:09'
System info: host: 'sys', ip: '10.128.180.99', os.name: 'Windows 10', os.arch: 'amd64', os.version: '10.0', java.version: '1.8.0_211'
Driver info: org.openqa.selenium.chrome.ChromeDriver
Capabilities [{mobileEmulationEnabled=false, timeouts={implicit=0, pageLoad=300000, script=30000}, hasTouchScreen=false, platform=XP, acceptSslCerts=false, goog:chromeOptions={debuggerAddress=localhost:52660}, acceptInsecureCerts=false, webStorageEnabled=true, browserName=chrome, takesScreenshot=true, javascriptEnabled=true, setWindowRect=true, unexpectedAlertBehaviour=ignore, applicationCacheEnabled=false, rotatable=false, networkConnectionEnabled=false, chrome={chromedriverVersion=84.0.4147.30 (48b3e868b4cc0aa7e8149519690b6f6949e110a8-refs/branch-heads/4147@{#310}), userDataDir=C:\Users\ptnaidu\AppData\Local\Temp\scoped_dir25672_916765178}, takesHeapSnapshot=true, pageLoadStrategy=normal, strictFileInteractability=false, databaseEnabled=false, handlesAlerts=true, version=85.0.4183.102, browserConnectionEnabled=false, proxy={}, nativeEvents=true, locationContextEnabled=true, cssSelectorsEnabled=true, webauthn:virtualAuthenticators=true}]
Session ID: a34fc024f0d3b066fb180bef49cbde32
*** Element info: {Using=xpath, value=//input[@id='ctl00_cphContent_btnClearCart']}
at org.openqa.selenium.remote.ErrorHandler.createThrowable(ErrorHandler.java:206)
at org.openqa.selenium.remote.ErrorHandler.throwIfResponseFailed(ErrorHandler.java:158)
at org.openqa.selenium.remote.RemoteWebDriver.execute(RemoteWebDriver.java:678)
at org.openqa.selenium.remote.RemoteWebDriver.findElement(RemoteWebDriver.java:363)
at org.openqa.selenium.remote.RemoteWebDriver.findElementByXPath(RemoteWebDriver.java:500)
at org.openqa.selenium.By$ByXPath.findElement(By.java:361)
at org.openqa.selenium.remote.RemoteWebDriver.findElement(RemoteWebDriver.java:355)
at org.openqa.selenium.support.pagefactory.DefaultElementLocator.findElement(DefaultElementLocator.java:69)
at org.openqa.selenium.support.pagefactory.internal.LocatingElementHandler.invoke(LocatingElementHandler.java:38)
at com.sun.proxy.$Proxy9.click(Unknown Source)
at com.dollardays.pages.Team9_ProductDescriptionPage.viewAndClearCart(Team9_ProductDescriptionPage.java:92)
at com.dollardays.pages.Team9_ProductDescriptionPage.verifyAddToMyCart(Team9_ProductDescriptionPage.java:218)
at com.dollardays.testcases.Team9_ProductDescriptionPageTestCases.TC_DD_PDP_Quantity_Cases(Team9_ProductDescriptionPageTestCases.java:167)
... Removed 29 stack frames]]>
    </failure>
  </testcase> <!-- TC_DD_PDP_Quantity_Cases -->
  <testcase name="TC_DD_PDP_Quantity_Cases" time="28.78" classname="com.dollardays.testcases.Team9_ProductDescriptionPageTestCases"/>
  <testcase name="TC_DD_PDP_Quantity_Cases" time="27.93" classname="com.dollardays.testcases.Team9_ProductDescriptionPageTestCases"/>
  <testcase name="TC_DD_PDP_Quantity_Cases" time="26.207" classname="com.dollardays.testcases.Team9_ProductDescriptionPageTestCases"/>
  <testcase name="TC_DD_PDP_Quantity_Cases" time="27.084" classname="com.dollardays.testcases.Team9_ProductDescriptionPageTestCases"/>
  <testcase name="TC_DD_PDP_Quantity_Cases" time="29.32" classname="com.dollardays.testcases.Team9_ProductDescriptionPageTestCases"/>
  <testcase name="TC_DD_PDP_Quantity_Cases" time="27.678" classname="com.dollardays.testcases.Team9_ProductDescriptionPageTestCases"/>
</testsuite> <!-- Dollar Days Test -->
