<?xml version="1.0" encoding="UTF-8"?>
<testng-results skipped="0" failed="2" ignored="0" total="26" passed="24">
  <reporter-output>
  </reporter-output>
  <suite name="Suite" duration-ms="1049528" started-at="2020-09-22T04:53:43Z" finished-at="2020-09-22T05:11:13Z">
    <groups>
    </groups>
    <test name="Dollar Days Test" duration-ms="1049528" started-at="2020-09-22T04:53:43Z" finished-at="2020-09-22T05:11:13Z">
      <class name="com.dollardays.testcases.Team9_ProductDescriptionPageTestCases">
        <test-method status="PASS" signature="setUpBrowser()[pri:0, instance:com.dollardays.testcases.Team9_ProductDescriptionPageTestCases@56620197]" name="setUpBrowser" is-config="true" duration-ms="12620" started-at="2020-09-22T04:53:45Z" finished-at="2020-09-22T04:53:58Z">
          <reporter-output>
          </reporter-output>
        </test-method> <!-- setUpBrowser -->
        <test-method status="PASS" signature="TC_DD_PDP_Entry_Cases(java.util.Hashtable)[pri:0, instance:com.dollardays.testcases.Team9_ProductDescriptionPageTestCases@56620197]" name="TC_DD_PDP_Entry_Cases" duration-ms="26144" started-at="2020-09-22T04:53:58Z" data-provider="dd-dataprovider" finished-at="2020-09-22T04:54:24Z">
          <params>
            <param index="0">
              <value>
                <![CDATA[{TestCase=Verifying with Alpha characters, Password=cGFzc3dvcmQxMjM=, Runmode=Yes, SheetName=Entry, Qty=ABCDE, UserName=srikanthtesting100@gmail.com, TCID=TC1}]]>
              </value>
            </param>
          </params>
          <reporter-output>
          </reporter-output>
        </test-method> <!-- TC_DD_PDP_Entry_Cases -->
        <test-method status="PASS" signature="quit()[pri:0, instance:com.dollardays.testcases.Team9_ProductDescriptionPageTestCases@56620197]" name="quit" is-config="true" duration-ms="5812" started-at="2020-09-22T04:54:24Z" finished-at="2020-09-22T04:54:30Z">
          <reporter-output>
          </reporter-output>
        </test-method> <!-- quit -->
        <test-method status="PASS" signature="setUpBrowser()[pri:0, instance:com.dollardays.testcases.Team9_ProductDescriptionPageTestCases@56620197]" name="setUpBrowser" is-config="true" duration-ms="12380" started-at="2020-09-22T04:54:30Z" finished-at="2020-09-22T04:54:42Z">
          <reporter-output>
          </reporter-output>
        </test-method> <!-- setUpBrowser -->
        <test-method status="PASS" signature="TC_DD_PDP_Entry_Cases(java.util.Hashtable)[pri:0, instance:com.dollardays.testcases.Team9_ProductDescriptionPageTestCases@56620197]" name="TC_DD_PDP_Entry_Cases" duration-ms="24847" started-at="2020-09-22T04:54:42Z" data-provider="dd-dataprovider" finished-at="2020-09-22T04:55:07Z">
          <params>
            <param index="0">
              <value>
                <![CDATA[{TestCase=Verifying with Special Characters, Password=cGFzc3dvcmQxMjM=, Runmode=Yes, SheetName=Entry, Qty=!@#$, UserName=srikanthtesting100@gmail.com, TCID=TC2}]]>
              </value>
            </param>
          </params>
          <reporter-output>
          </reporter-output>
        </test-method> <!-- TC_DD_PDP_Entry_Cases -->
        <test-method status="PASS" signature="quit()[pri:0, instance:com.dollardays.testcases.Team9_ProductDescriptionPageTestCases@56620197]" name="quit" is-config="true" duration-ms="5303" started-at="2020-09-22T04:55:07Z" finished-at="2020-09-22T04:55:12Z">
          <reporter-output>
          </reporter-output>
        </test-method> <!-- quit -->
        <test-method status="PASS" signature="setUpBrowser()[pri:0, instance:com.dollardays.testcases.Team9_ProductDescriptionPageTestCases@56620197]" name="setUpBrowser" is-config="true" duration-ms="11419" started-at="2020-09-22T04:55:12Z" finished-at="2020-09-22T04:55:24Z">
          <reporter-output>
          </reporter-output>
        </test-method> <!-- setUpBrowser -->
        <test-method status="PASS" signature="TC_DD_PDP_LeftNavigation_Cases(java.util.Hashtable)[pri:0, instance:com.dollardays.testcases.Team9_ProductDescriptionPageTestCases@56620197]" name="TC_DD_PDP_LeftNavigation_Cases" duration-ms="20677" started-at="2020-09-22T04:55:24Z" data-provider="dd-dataprovider" finished-at="2020-09-22T04:55:44Z">
          <params>
            <param index="0">
              <value>
                <![CDATA[{TestCase=Verify Scrolling up, Password=cGFzc3dvcmQxMjM=, Runmode=Yes, SheetName=Left Navigation, Action Type=Scroll Up, UserName=srikanthtesting100@gmail.com, TCID=TC1}]]>
              </value>
            </param>
          </params>
          <reporter-output>
          </reporter-output>
        </test-method> <!-- TC_DD_PDP_LeftNavigation_Cases -->
        <test-method status="PASS" signature="quit()[pri:0, instance:com.dollardays.testcases.Team9_ProductDescriptionPageTestCases@56620197]" name="quit" is-config="true" duration-ms="5322" started-at="2020-09-22T04:55:44Z" finished-at="2020-09-22T04:55:50Z">
          <reporter-output>
          </reporter-output>
        </test-method> <!-- quit -->
        <test-method status="PASS" signature="setUpBrowser()[pri:0, instance:com.dollardays.testcases.Team9_ProductDescriptionPageTestCases@56620197]" name="setUpBrowser" is-config="true" duration-ms="11327" started-at="2020-09-22T04:55:50Z" finished-at="2020-09-22T04:56:01Z">
          <reporter-output>
          </reporter-output>
        </test-method> <!-- setUpBrowser -->
        <test-method status="PASS" signature="TC_DD_PDP_LeftNavigation_Cases(java.util.Hashtable)[pri:0, instance:com.dollardays.testcases.Team9_ProductDescriptionPageTestCases@56620197]" name="TC_DD_PDP_LeftNavigation_Cases" duration-ms="20493" started-at="2020-09-22T04:56:01Z" data-provider="dd-dataprovider" finished-at="2020-09-22T04:56:21Z">
          <params>
            <param index="0">
              <value>
                <![CDATA[{TestCase=Verify Scrolling Down, Password=cGFzc3dvcmQxMjM=, Runmode=Yes, SheetName=Left Navigation, Action Type=Scroll Down, UserName=srikanthtesting100@gmail.com, TCID=TC2}]]>
              </value>
            </param>
          </params>
          <reporter-output>
          </reporter-output>
        </test-method> <!-- TC_DD_PDP_LeftNavigation_Cases -->
        <test-method status="PASS" signature="quit()[pri:0, instance:com.dollardays.testcases.Team9_ProductDescriptionPageTestCases@56620197]" name="quit" is-config="true" duration-ms="5344" started-at="2020-09-22T04:56:21Z" finished-at="2020-09-22T04:56:27Z">
          <reporter-output>
          </reporter-output>
        </test-method> <!-- quit -->
        <test-method status="PASS" signature="setUpBrowser()[pri:0, instance:com.dollardays.testcases.Team9_ProductDescriptionPageTestCases@56620197]" name="setUpBrowser" is-config="true" duration-ms="11218" started-at="2020-09-22T04:56:27Z" finished-at="2020-09-22T04:56:38Z">
          <reporter-output>
          </reporter-output>
        </test-method> <!-- setUpBrowser -->
        <test-method status="PASS" signature="TC_DD_PDP_LeftNavigation_Cases(java.util.Hashtable)[pri:0, instance:com.dollardays.testcases.Team9_ProductDescriptionPageTestCases@56620197]" name="TC_DD_PDP_LeftNavigation_Cases" duration-ms="23732" started-at="2020-09-22T04:56:38Z" data-provider="dd-dataprovider" finished-at="2020-09-22T04:57:02Z">
          <params>
            <param index="0">
              <value>
                <![CDATA[{TestCase=Verify Zooming In, Password=cGFzc3dvcmQxMjM=, Runmode=Yes, SheetName=Left Navigation, Action Type=Zoom in, UserName=srikanthtesting100@gmail.com, TCID=TC3}]]>
              </value>
            </param>
          </params>
          <reporter-output>
          </reporter-output>
        </test-method> <!-- TC_DD_PDP_LeftNavigation_Cases -->
        <test-method status="PASS" signature="quit()[pri:0, instance:com.dollardays.testcases.Team9_ProductDescriptionPageTestCases@56620197]" name="quit" is-config="true" duration-ms="5331" started-at="2020-09-22T04:57:02Z" finished-at="2020-09-22T04:57:07Z">
          <reporter-output>
          </reporter-output>
        </test-method> <!-- quit -->
        <test-method status="PASS" signature="setUpBrowser()[pri:0, instance:com.dollardays.testcases.Team9_ProductDescriptionPageTestCases@56620197]" name="setUpBrowser" is-config="true" duration-ms="11475" started-at="2020-09-22T04:57:07Z" finished-at="2020-09-22T04:57:19Z">
          <reporter-output>
          </reporter-output>
        </test-method> <!-- setUpBrowser -->
        <test-method status="PASS" signature="TC_DD_PDP_LeftNavigation_Cases(java.util.Hashtable)[pri:0, instance:com.dollardays.testcases.Team9_ProductDescriptionPageTestCases@56620197]" name="TC_DD_PDP_LeftNavigation_Cases" duration-ms="24911" started-at="2020-09-22T04:57:19Z" data-provider="dd-dataprovider" finished-at="2020-09-22T04:57:43Z">
          <params>
            <param index="0">
              <value>
                <![CDATA[{TestCase=Verify Zooming Out, Password=cGFzc3dvcmQxMjM=, Runmode=Yes, SheetName=Left Navigation, Action Type=Zoom out, UserName=srikanthtesting100@gmail.com, TCID=TC4}]]>
              </value>
            </param>
          </params>
          <reporter-output>
          </reporter-output>
        </test-method> <!-- TC_DD_PDP_LeftNavigation_Cases -->
        <test-method status="PASS" signature="quit()[pri:0, instance:com.dollardays.testcases.Team9_ProductDescriptionPageTestCases@56620197]" name="quit" is-config="true" duration-ms="5519" started-at="2020-09-22T04:57:43Z" finished-at="2020-09-22T04:57:49Z">
          <reporter-output>
          </reporter-output>
        </test-method> <!-- quit -->
        <test-method status="PASS" signature="setUpBrowser()[pri:0, instance:com.dollardays.testcases.Team9_ProductDescriptionPageTestCases@56620197]" name="setUpBrowser" is-config="true" duration-ms="13148" started-at="2020-09-22T04:57:49Z" finished-at="2020-09-22T04:58:02Z">
          <reporter-output>
          </reporter-output>
        </test-method> <!-- setUpBrowser -->
        <test-method status="PASS" signature="TC_DD_PDP_LeftNavigation_Cases(java.util.Hashtable)[pri:0, instance:com.dollardays.testcases.Team9_ProductDescriptionPageTestCases@56620197]" name="TC_DD_PDP_LeftNavigation_Cases" duration-ms="22028" started-at="2020-09-22T04:58:02Z" data-provider="dd-dataprovider" finished-at="2020-09-22T04:58:24Z">
          <params>
            <param index="0">
              <value>
                <![CDATA[{TestCase=Verify Next Image, Password=cGFzc3dvcmQxMjM=, Runmode=Yes, SheetName=Left Navigation, Action Type=Next Image, UserName=srikanthtesting100@gmail.com, TCID=TC5}]]>
              </value>
            </param>
          </params>
          <reporter-output>
          </reporter-output>
        </test-method> <!-- TC_DD_PDP_LeftNavigation_Cases -->
        <test-method status="PASS" signature="quit()[pri:0, instance:com.dollardays.testcases.Team9_ProductDescriptionPageTestCases@56620197]" name="quit" is-config="true" duration-ms="5512" started-at="2020-09-22T04:58:24Z" finished-at="2020-09-22T04:58:30Z">
          <reporter-output>
          </reporter-output>
        </test-method> <!-- quit -->
        <test-method status="PASS" signature="setUpBrowser()[pri:0, instance:com.dollardays.testcases.Team9_ProductDescriptionPageTestCases@56620197]" name="setUpBrowser" is-config="true" duration-ms="12150" started-at="2020-09-22T04:58:30Z" finished-at="2020-09-22T04:58:42Z">
          <reporter-output>
          </reporter-output>
        </test-method> <!-- setUpBrowser -->
        <test-method status="PASS" signature="TC_DD_PDP_LeftNavigation_Cases(java.util.Hashtable)[pri:0, instance:com.dollardays.testcases.Team9_ProductDescriptionPageTestCases@56620197]" name="TC_DD_PDP_LeftNavigation_Cases" duration-ms="27477" started-at="2020-09-22T04:58:42Z" data-provider="dd-dataprovider" finished-at="2020-09-22T04:59:09Z">
          <params>
            <param index="0">
              <value>
                <![CDATA[{TestCase=Verify Previous Image, Password=cGFzc3dvcmQxMjM=, Runmode=Yes, SheetName=Left Navigation, Action Type=Previous Image, UserName=srikanthtesting100@gmail.com, TCID=TC6}]]>
              </value>
            </param>
          </params>
          <reporter-output>
          </reporter-output>
        </test-method> <!-- TC_DD_PDP_LeftNavigation_Cases -->
        <test-method status="PASS" signature="quit()[pri:0, instance:com.dollardays.testcases.Team9_ProductDescriptionPageTestCases@56620197]" name="quit" is-config="true" duration-ms="5159" started-at="2020-09-22T04:59:09Z" finished-at="2020-09-22T04:59:14Z">
          <reporter-output>
          </reporter-output>
        </test-method> <!-- quit -->
        <test-method status="PASS" signature="setUpBrowser()[pri:0, instance:com.dollardays.testcases.Team9_ProductDescriptionPageTestCases@56620197]" name="setUpBrowser" is-config="true" duration-ms="12298" started-at="2020-09-22T04:59:14Z" finished-at="2020-09-22T04:59:27Z">
          <reporter-output>
          </reporter-output>
        </test-method> <!-- setUpBrowser -->
        <test-method status="FAIL" signature="TC_DD_PDP_LeftNavigation_Cases(java.util.Hashtable)[pri:0, instance:com.dollardays.testcases.Team9_ProductDescriptionPageTestCases@56620197]" name="TC_DD_PDP_LeftNavigation_Cases" duration-ms="4180" started-at="2020-09-22T04:59:27Z" data-provider="dd-dataprovider" finished-at="2020-09-22T04:59:31Z">
          <params>
            <param index="0">
              <value>
                <![CDATA[{TestCase=Verify 360 degrees, Password=cGFzc3dvcmQxMjM=, Runmode=Yes, SheetName=Left Navigation, Action Type=360 degrees, UserName=srikanthtesting100@gmail.com, TCID=TC7}]]>
              </value>
            </param>
          </params>
          <exception class="org.openqa.selenium.NoSuchElementException">
            <message>
              <![CDATA[no such element: Unable to locate element: {"method":"xpath","selector":"//*[@id='inputLoginUsername']"}
  (Session info: chrome=85.0.4183.102)
  (Driver info: chromedriver=84.0.4147.30 (48b3e868b4cc0aa7e8149519690b6f6949e110a8-refs/branch-heads/4147@{#310}),platform=Windows NT 10.0.18362 x86_64) (WARNING: The server did not provide any stacktrace information)
Command duration or timeout: 162 milliseconds
For documentation on this error, please visit: http://seleniumhq.org/exceptions/no_such_element.html
Build info: version: '2.53.1', revision: 'a36b8b1cd5757287168e54b817830adce9b0158d', time: '2016-06-30 19:26:09'
System info: host: 'sys', ip: '10.128.180.99', os.name: 'Windows 10', os.arch: 'amd64', os.version: '10.0', java.version: '1.8.0_211'
Driver info: org.openqa.selenium.chrome.ChromeDriver
Capabilities [{mobileEmulationEnabled=false, timeouts={implicit=0, pageLoad=300000, script=30000}, hasTouchScreen=false, platform=XP, acceptSslCerts=false, goog:chromeOptions={debuggerAddress=localhost:51419}, acceptInsecureCerts=false, webStorageEnabled=true, browserName=chrome, takesScreenshot=true, javascriptEnabled=true, setWindowRect=true, unexpectedAlertBehaviour=ignore, applicationCacheEnabled=false, rotatable=false, networkConnectionEnabled=false, chrome={chromedriverVersion=84.0.4147.30 (48b3e868b4cc0aa7e8149519690b6f6949e110a8-refs/branch-heads/4147@{#310}), userDataDir=C:\Users\ptnaidu\AppData\Local\Temp\scoped_dir14296_1631980914}, takesHeapSnapshot=true, pageLoadStrategy=normal, strictFileInteractability=false, databaseEnabled=false, handlesAlerts=true, version=85.0.4183.102, browserConnectionEnabled=false, proxy={}, nativeEvents=true, locationContextEnabled=true, cssSelectorsEnabled=true, webauthn:virtualAuthenticators=true}]
Session ID: 3668751d45671ac7d56f1c22dd1d03b4
*** Element info: {Using=xpath, value=//*[@id='inputLoginUsername']}]]>
            </message>
            <full-stacktrace>
              <![CDATA[org.openqa.selenium.NoSuchElementException: no such element: Unable to locate element: {"method":"xpath","selector":"//*[@id='inputLoginUsername']"}
  (Session info: chrome=85.0.4183.102)
  (Driver info: chromedriver=84.0.4147.30 (48b3e868b4cc0aa7e8149519690b6f6949e110a8-refs/branch-heads/4147@{#310}),platform=Windows NT 10.0.18362 x86_64) (WARNING: The server did not provide any stacktrace information)
Command duration or timeout: 162 milliseconds
For documentation on this error, please visit: http://seleniumhq.org/exceptions/no_such_element.html
Build info: version: '2.53.1', revision: 'a36b8b1cd5757287168e54b817830adce9b0158d', time: '2016-06-30 19:26:09'
System info: host: 'sys', ip: '10.128.180.99', os.name: 'Windows 10', os.arch: 'amd64', os.version: '10.0', java.version: '1.8.0_211'
Driver info: org.openqa.selenium.chrome.ChromeDriver
Capabilities [{mobileEmulationEnabled=false, timeouts={implicit=0, pageLoad=300000, script=30000}, hasTouchScreen=false, platform=XP, acceptSslCerts=false, goog:chromeOptions={debuggerAddress=localhost:51419}, acceptInsecureCerts=false, webStorageEnabled=true, browserName=chrome, takesScreenshot=true, javascriptEnabled=true, setWindowRect=true, unexpectedAlertBehaviour=ignore, applicationCacheEnabled=false, rotatable=false, networkConnectionEnabled=false, chrome={chromedriverVersion=84.0.4147.30 (48b3e868b4cc0aa7e8149519690b6f6949e110a8-refs/branch-heads/4147@{#310}), userDataDir=C:\Users\ptnaidu\AppData\Local\Temp\scoped_dir14296_1631980914}, takesHeapSnapshot=true, pageLoadStrategy=normal, strictFileInteractability=false, databaseEnabled=false, handlesAlerts=true, version=85.0.4183.102, browserConnectionEnabled=false, proxy={}, nativeEvents=true, locationContextEnabled=true, cssSelectorsEnabled=true, webauthn:virtualAuthenticators=true}]
Session ID: 3668751d45671ac7d56f1c22dd1d03b4
*** Element info: {Using=xpath, value=//*[@id='inputLoginUsername']}
at sun.reflect.NativeConstructorAccessorImpl.newInstance0(Native Method)
at sun.reflect.NativeConstructorAccessorImpl.newInstance(NativeConstructorAccessorImpl.java:62)
at sun.reflect.DelegatingConstructorAccessorImpl.newInstance(DelegatingConstructorAccessorImpl.java:45)
at java.lang.reflect.Constructor.newInstance(Constructor.java:423)
at org.openqa.selenium.remote.ErrorHandler.createThrowable(ErrorHandler.java:206)
at org.openqa.selenium.remote.ErrorHandler.throwIfResponseFailed(ErrorHandler.java:158)
at org.openqa.selenium.remote.RemoteWebDriver.execute(RemoteWebDriver.java:678)
at org.openqa.selenium.remote.RemoteWebDriver.findElement(RemoteWebDriver.java:363)
at org.openqa.selenium.remote.RemoteWebDriver.findElementByXPath(RemoteWebDriver.java:500)
at org.openqa.selenium.By$ByXPath.findElement(By.java:361)
at org.openqa.selenium.remote.RemoteWebDriver.findElement(RemoteWebDriver.java:355)
at org.openqa.selenium.support.pagefactory.DefaultElementLocator.findElement(DefaultElementLocator.java:69)
at org.openqa.selenium.support.pagefactory.internal.LocatingElementHandler.invoke(LocatingElementHandler.java:38)
at com.sun.proxy.$Proxy9.sendKeys(Unknown Source)
at com.dollardays.pages.LoginPage.login(LoginPage.java:78)
at com.dollardays.testcases.Team9_ProductDescriptionPageTestCases.runPreConditions(Team9_ProductDescriptionPageTestCases.java:39)
at com.dollardays.testcases.Team9_ProductDescriptionPageTestCases.TC_DD_PDP_LeftNavigation_Cases(Team9_ProductDescriptionPageTestCases.java:101)
at sun.reflect.NativeMethodAccessorImpl.invoke0(Native Method)
at sun.reflect.NativeMethodAccessorImpl.invoke(NativeMethodAccessorImpl.java:62)
at sun.reflect.DelegatingMethodAccessorImpl.invoke(DelegatingMethodAccessorImpl.java:43)
at java.lang.reflect.Method.invoke(Method.java:498)
at org.testng.internal.MethodInvocationHelper.invokeMethod(MethodInvocationHelper.java:124)
at org.testng.internal.Invoker.invokeMethod(Invoker.java:583)
at org.testng.internal.Invoker.invokeTestMethod(Invoker.java:719)
at org.testng.internal.Invoker.invokeTestMethods(Invoker.java:989)
at org.testng.internal.TestMethodWorker.invokeTestMethods(TestMethodWorker.java:125)
at org.testng.internal.TestMethodWorker.run(TestMethodWorker.java:109)
at org.testng.TestRunner.privateRun(TestRunner.java:648)
at org.testng.TestRunner.run(TestRunner.java:505)
at org.testng.SuiteRunner.runTest(SuiteRunner.java:455)
at org.testng.SuiteRunner.runSequentially(SuiteRunner.java:450)
at org.testng.SuiteRunner.privateRun(SuiteRunner.java:415)
at org.testng.SuiteRunner.run(SuiteRunner.java:364)
at org.testng.SuiteRunnerWorker.runSuite(SuiteRunnerWorker.java:52)
at org.testng.SuiteRunnerWorker.run(SuiteRunnerWorker.java:84)
at org.testng.TestNG.runSuitesSequentially(TestNG.java:1208)
at org.testng.TestNG.runSuitesLocally(TestNG.java:1137)
at org.testng.TestNG.runSuites(TestNG.java:1049)
at org.testng.TestNG.run(TestNG.java:1017)
at org.testng.remote.AbstractRemoteTestNG.run(AbstractRemoteTestNG.java:115)
at org.testng.remote.RemoteTestNG.initAndRun(RemoteTestNG.java:251)
at org.testng.remote.RemoteTestNG.main(RemoteTestNG.java:77)
]]>
            </full-stacktrace>
          </exception> <!-- org.openqa.selenium.NoSuchElementException -->
          <reporter-output>
          </reporter-output>
        </test-method> <!-- TC_DD_PDP_LeftNavigation_Cases -->
        <test-method status="PASS" signature="quit()[pri:0, instance:com.dollardays.testcases.Team9_ProductDescriptionPageTestCases@56620197]" name="quit" is-config="true" duration-ms="5164" started-at="2020-09-22T04:59:31Z" finished-at="2020-09-22T04:59:36Z">
          <reporter-output>
          </reporter-output>
        </test-method> <!-- quit -->
        <test-method status="PASS" signature="setUpBrowser()[pri:0, instance:com.dollardays.testcases.Team9_ProductDescriptionPageTestCases@56620197]" name="setUpBrowser" is-config="true" duration-ms="10727" started-at="2020-09-22T04:59:36Z" finished-at="2020-09-22T04:59:47Z">
          <reporter-output>
          </reporter-output>
        </test-method> <!-- setUpBrowser -->
        <test-method status="PASS" signature="TC_DD_PDP_ProductDetails_Cases(java.util.Hashtable)[pri:0, instance:com.dollardays.testcases.Team9_ProductDescriptionPageTestCases@56620197]" name="TC_DD_PDP_ProductDetails_Cases" duration-ms="20286" started-at="2020-09-22T04:59:47Z" data-provider="dd-dataprovider" finished-at="2020-09-22T05:00:07Z">
          <params>
            <param index="0">
              <value>
                <![CDATA[{TestCase=Verify Image is displayed., Password=cGFzc3dvcmQxMjM=, Runmode=Yes, SheetName=Product Details, Verify Value=Image, UserName=srikanthtesting100@gmail.com, TCID=TC1}]]>
              </value>
            </param>
          </params>
          <reporter-output>
          </reporter-output>
        </test-method> <!-- TC_DD_PDP_ProductDetails_Cases -->
        <test-method status="PASS" signature="quit()[pri:0, instance:com.dollardays.testcases.Team9_ProductDescriptionPageTestCases@56620197]" name="quit" is-config="true" duration-ms="5320" started-at="2020-09-22T05:00:07Z" finished-at="2020-09-22T05:00:13Z">
          <reporter-output>
          </reporter-output>
        </test-method> <!-- quit -->
        <test-method status="PASS" signature="setUpBrowser()[pri:0, instance:com.dollardays.testcases.Team9_ProductDescriptionPageTestCases@56620197]" name="setUpBrowser" is-config="true" duration-ms="11415" started-at="2020-09-22T05:00:13Z" finished-at="2020-09-22T05:00:24Z">
          <reporter-output>
          </reporter-output>
        </test-method> <!-- setUpBrowser -->
        <test-method status="PASS" signature="TC_DD_PDP_ProductDetails_Cases(java.util.Hashtable)[pri:0, instance:com.dollardays.testcases.Team9_ProductDescriptionPageTestCases@56620197]" name="TC_DD_PDP_ProductDetails_Cases" duration-ms="20121" started-at="2020-09-22T05:00:24Z" data-provider="dd-dataprovider" finished-at="2020-09-22T05:00:44Z">
          <params>
            <param index="0">
              <value>
                <![CDATA[{TestCase=Verify Price is displayed., Password=cGFzc3dvcmQxMjM=, Runmode=Yes, SheetName=Product Details, Verify Value=Price, UserName=srikanthtesting100@gmail.com, TCID=TC2}]]>
              </value>
            </param>
          </params>
          <reporter-output>
          </reporter-output>
        </test-method> <!-- TC_DD_PDP_ProductDetails_Cases -->
        <test-method status="PASS" signature="quit()[pri:0, instance:com.dollardays.testcases.Team9_ProductDescriptionPageTestCases@56620197]" name="quit" is-config="true" duration-ms="5117" started-at="2020-09-22T05:00:44Z" finished-at="2020-09-22T05:00:49Z">
          <reporter-output>
          </reporter-output>
        </test-method> <!-- quit -->
        <test-method status="PASS" signature="setUpBrowser()[pri:0, instance:com.dollardays.testcases.Team9_ProductDescriptionPageTestCases@56620197]" name="setUpBrowser" is-config="true" duration-ms="11116" started-at="2020-09-22T05:00:49Z" finished-at="2020-09-22T05:01:00Z">
          <reporter-output>
          </reporter-output>
        </test-method> <!-- setUpBrowser -->
        <test-method status="PASS" signature="TC_DD_PDP_ProductDetails_Cases(java.util.Hashtable)[pri:0, instance:com.dollardays.testcases.Team9_ProductDescriptionPageTestCases@56620197]" name="TC_DD_PDP_ProductDetails_Cases" duration-ms="19911" started-at="2020-09-22T05:01:00Z" data-provider="dd-dataprovider" finished-at="2020-09-22T05:01:20Z">
          <params>
            <param index="0">
              <value>
                <![CDATA[{TestCase=Verify Product specifications are displayed., Password=cGFzc3dvcmQxMjM=, Runmode=Yes, SheetName=Product Details, Verify Value=Product Specifications, UserName=srikanthtesting100@gmail.com, TCID=TC3}]]>
              </value>
            </param>
          </params>
          <reporter-output>
          </reporter-output>
        </test-method> <!-- TC_DD_PDP_ProductDetails_Cases -->
        <test-method status="PASS" signature="quit()[pri:0, instance:com.dollardays.testcases.Team9_ProductDescriptionPageTestCases@56620197]" name="quit" is-config="true" duration-ms="5274" started-at="2020-09-22T05:01:20Z" finished-at="2020-09-22T05:01:26Z">
          <reporter-output>
          </reporter-output>
        </test-method> <!-- quit -->
        <test-method status="PASS" signature="setUpBrowser()[pri:0, instance:com.dollardays.testcases.Team9_ProductDescriptionPageTestCases@56620197]" name="setUpBrowser" is-config="true" duration-ms="14066" started-at="2020-09-22T05:01:26Z" finished-at="2020-09-22T05:01:40Z">
          <reporter-output>
          </reporter-output>
        </test-method> <!-- setUpBrowser -->
        <test-method status="PASS" signature="TC_DD_PDP_ProductDetails_Cases(java.util.Hashtable)[pri:0, instance:com.dollardays.testcases.Team9_ProductDescriptionPageTestCases@56620197]" name="TC_DD_PDP_ProductDetails_Cases" duration-ms="19862" started-at="2020-09-22T05:01:40Z" data-provider="dd-dataprovider" finished-at="2020-09-22T05:02:00Z">
          <params>
            <param index="0">
              <value>
                <![CDATA[{TestCase=Verify Product seller ratings are displayed., Password=cGFzc3dvcmQxMjM=, Runmode=Yes, SheetName=Product Details, Verify Value=Ratings, UserName=srikanthtesting100@gmail.com, TCID=TC4}]]>
              </value>
            </param>
          </params>
          <reporter-output>
          </reporter-output>
        </test-method> <!-- TC_DD_PDP_ProductDetails_Cases -->
        <test-method status="PASS" signature="quit()[pri:0, instance:com.dollardays.testcases.Team9_ProductDescriptionPageTestCases@56620197]" name="quit" is-config="true" duration-ms="5340" started-at="2020-09-22T05:02:00Z" finished-at="2020-09-22T05:02:05Z">
          <reporter-output>
          </reporter-output>
        </test-method> <!-- quit -->
        <test-method status="PASS" signature="setUpBrowser()[pri:0, instance:com.dollardays.testcases.Team9_ProductDescriptionPageTestCases@56620197]" name="setUpBrowser" is-config="true" duration-ms="11762" started-at="2020-09-22T05:02:05Z" finished-at="2020-09-22T05:02:17Z">
          <reporter-output>
          </reporter-output>
        </test-method> <!-- setUpBrowser -->
        <test-method status="PASS" signature="TC_DD_PDP_ProductDetails_Cases(java.util.Hashtable)[pri:0, instance:com.dollardays.testcases.Team9_ProductDescriptionPageTestCases@56620197]" name="TC_DD_PDP_ProductDetails_Cases" duration-ms="20681" started-at="2020-09-22T05:02:17Z" data-provider="dd-dataprovider" finished-at="2020-09-22T05:02:37Z">
          <params>
            <param index="0">
              <value>
                <![CDATA[{TestCase=Verify all variations of product are displayed., Password=cGFzc3dvcmQxMjM=, Runmode=Yes, SheetName=Product Details, Verify Value=Variations, UserName=srikanthtesting100@gmail.com, TCID=TC5}]]>
              </value>
            </param>
          </params>
          <reporter-output>
          </reporter-output>
        </test-method> <!-- TC_DD_PDP_ProductDetails_Cases -->
        <test-method status="PASS" signature="quit()[pri:0, instance:com.dollardays.testcases.Team9_ProductDescriptionPageTestCases@56620197]" name="quit" is-config="true" duration-ms="5331" started-at="2020-09-22T05:02:37Z" finished-at="2020-09-22T05:02:43Z">
          <reporter-output>
          </reporter-output>
        </test-method> <!-- quit -->
        <test-method status="PASS" signature="setUpBrowser()[pri:0, instance:com.dollardays.testcases.Team9_ProductDescriptionPageTestCases@56620197]" name="setUpBrowser" is-config="true" duration-ms="11599" started-at="2020-09-22T05:02:43Z" finished-at="2020-09-22T05:02:54Z">
          <reporter-output>
          </reporter-output>
        </test-method> <!-- setUpBrowser -->
        <test-method status="PASS" signature="TC_DD_PDP_ProductDetails_Cases(java.util.Hashtable)[pri:0, instance:com.dollardays.testcases.Team9_ProductDescriptionPageTestCases@56620197]" name="TC_DD_PDP_ProductDetails_Cases" duration-ms="23897" started-at="2020-09-22T05:02:54Z" data-provider="dd-dataprovider" finished-at="2020-09-22T05:03:18Z">
          <params>
            <param index="0">
              <value>
                <![CDATA[{TestCase=Verify Add to Cart is displayed., Password=cGFzc3dvcmQxMjM=, Runmode=Yes, SheetName=Product Details, Verify Value=Add to Cart, UserName=srikanthtesting100@gmail.com, TCID=TC6}]]>
              </value>
            </param>
          </params>
          <reporter-output>
          </reporter-output>
        </test-method> <!-- TC_DD_PDP_ProductDetails_Cases -->
        <test-method status="PASS" signature="quit()[pri:0, instance:com.dollardays.testcases.Team9_ProductDescriptionPageTestCases@56620197]" name="quit" is-config="true" duration-ms="5164" started-at="2020-09-22T05:03:18Z" finished-at="2020-09-22T05:03:23Z">
          <reporter-output>
          </reporter-output>
        </test-method> <!-- quit -->
        <test-method status="PASS" signature="setUpBrowser()[pri:0, instance:com.dollardays.testcases.Team9_ProductDescriptionPageTestCases@56620197]" name="setUpBrowser" is-config="true" duration-ms="11154" started-at="2020-09-22T05:03:23Z" finished-at="2020-09-22T05:03:35Z">
          <reporter-output>
          </reporter-output>
        </test-method> <!-- setUpBrowser -->
        <test-method status="PASS" signature="TC_DD_PDP_ProductDetails_Cases(java.util.Hashtable)[pri:0, instance:com.dollardays.testcases.Team9_ProductDescriptionPageTestCases@56620197]" name="TC_DD_PDP_ProductDetails_Cases" duration-ms="19285" started-at="2020-09-22T05:03:35Z" data-provider="dd-dataprovider" finished-at="2020-09-22T05:03:54Z">
          <params>
            <param index="0">
              <value>
                <![CDATA[{TestCase=Verify Product description is displayed., Password=cGFzc3dvcmQxMjM=, Runmode=Yes, SheetName=Product Details, Verify Value=Product Description, UserName=srikanthtesting100@gmail.com, TCID=TC7}]]>
              </value>
            </param>
          </params>
          <reporter-output>
          </reporter-output>
        </test-method> <!-- TC_DD_PDP_ProductDetails_Cases -->
        <test-method status="PASS" signature="quit()[pri:0, instance:com.dollardays.testcases.Team9_ProductDescriptionPageTestCases@56620197]" name="quit" is-config="true" duration-ms="5375" started-at="2020-09-22T05:03:54Z" finished-at="2020-09-22T05:03:59Z">
          <reporter-output>
          </reporter-output>
        </test-method> <!-- quit -->
        <test-method status="PASS" signature="setUpBrowser()[pri:0, instance:com.dollardays.testcases.Team9_ProductDescriptionPageTestCases@56620197]" name="setUpBrowser" is-config="true" duration-ms="12807" started-at="2020-09-22T05:03:59Z" finished-at="2020-09-22T05:04:12Z">
          <reporter-output>
          </reporter-output>
        </test-method> <!-- setUpBrowser -->
        <test-method status="PASS" signature="TC_DD_PDP_ProductDetails_Cases(java.util.Hashtable)[pri:0, instance:com.dollardays.testcases.Team9_ProductDescriptionPageTestCases@56620197]" name="TC_DD_PDP_ProductDetails_Cases" duration-ms="20690" started-at="2020-09-22T05:04:12Z" data-provider="dd-dataprovider" finished-at="2020-09-22T05:04:33Z">
          <params>
            <param index="0">
              <value>
                <![CDATA[{TestCase=Verify "Have a question?" Field is displayed., Password=cGFzc3dvcmQxMjM=, Runmode=Yes, SheetName=Product Details, Verify Value=Have a question, UserName=srikanthtesting100@gmail.com, TCID=TC8}]]>
              </value>
            </param>
          </params>
          <reporter-output>
          </reporter-output>
        </test-method> <!-- TC_DD_PDP_ProductDetails_Cases -->
        <test-method status="PASS" signature="quit()[pri:0, instance:com.dollardays.testcases.Team9_ProductDescriptionPageTestCases@56620197]" name="quit" is-config="true" duration-ms="5549" started-at="2020-09-22T05:04:33Z" finished-at="2020-09-22T05:04:38Z">
          <reporter-output>
          </reporter-output>
        </test-method> <!-- quit -->
        <test-method status="PASS" signature="setUpBrowser()[pri:0, instance:com.dollardays.testcases.Team9_ProductDescriptionPageTestCases@56620197]" name="setUpBrowser" is-config="true" duration-ms="12081" started-at="2020-09-22T05:04:38Z" finished-at="2020-09-22T05:04:50Z">
          <reporter-output>
          </reporter-output>
        </test-method> <!-- setUpBrowser -->
        <test-method status="PASS" signature="TC_DD_PDP_ProductDetails_Cases(java.util.Hashtable)[pri:0, instance:com.dollardays.testcases.Team9_ProductDescriptionPageTestCases@56620197]" name="TC_DD_PDP_ProductDetails_Cases" duration-ms="22815" started-at="2020-09-22T05:04:50Z" data-provider="dd-dataprovider" finished-at="2020-09-22T05:05:13Z">
          <params>
            <param index="0">
              <value>
                <![CDATA[{TestCase=Verify Write review button is displayed., Password=cGFzc3dvcmQxMjM=, Runmode=Yes, SheetName=Product Details, Verify Value=Write Review, UserName=srikanthtesting100@gmail.com, TCID=TC9}]]>
              </value>
            </param>
          </params>
          <reporter-output>
          </reporter-output>
        </test-method> <!-- TC_DD_PDP_ProductDetails_Cases -->
        <test-method status="PASS" signature="quit()[pri:0, instance:com.dollardays.testcases.Team9_ProductDescriptionPageTestCases@56620197]" name="quit" is-config="true" duration-ms="5358" started-at="2020-09-22T05:05:13Z" finished-at="2020-09-22T05:05:19Z">
          <reporter-output>
          </reporter-output>
        </test-method> <!-- quit -->
        <test-method status="PASS" signature="setUpBrowser()[pri:0, instance:com.dollardays.testcases.Team9_ProductDescriptionPageTestCases@56620197]" name="setUpBrowser" is-config="true" duration-ms="11162" started-at="2020-09-22T05:05:19Z" finished-at="2020-09-22T05:05:30Z">
          <reporter-output>
          </reporter-output>
        </test-method> <!-- setUpBrowser -->
        <test-method status="PASS" signature="TC_DD_PDP_Quantity_Cases(java.util.Hashtable)[pri:0, instance:com.dollardays.testcases.Team9_ProductDescriptionPageTestCases@56620197]" name="TC_DD_PDP_Quantity_Cases" duration-ms="29245" started-at="2020-09-22T05:05:30Z" data-provider="dd-dataprovider" finished-at="2020-09-22T05:05:59Z">
          <params>
            <param index="0">
              <value>
                <![CDATA[{Close Popup?=CloseBtn, TestCase=Zero Qty,  Unlimited checkbox unchecked, Close popup by pressing Close button, TCID=TC1, SheetName=Popup, Runmode=Yes, UserName=srikanthtesting100@gmail.com, Password=cGFzc3dvcmQxMjM=, Unlimited Check?=No, Qty=0.0}]]>
              </value>
            </param>
          </params>
          <reporter-output>
          </reporter-output>
        </test-method> <!-- TC_DD_PDP_Quantity_Cases -->
        <test-method status="PASS" signature="quit()[pri:0, instance:com.dollardays.testcases.Team9_ProductDescriptionPageTestCases@56620197]" name="quit" is-config="true" duration-ms="1434" started-at="2020-09-22T05:05:59Z" finished-at="2020-09-22T05:06:00Z">
          <reporter-output>
          </reporter-output>
        </test-method> <!-- quit -->
        <test-method status="PASS" signature="setUpBrowser()[pri:0, instance:com.dollardays.testcases.Team9_ProductDescriptionPageTestCases@56620197]" name="setUpBrowser" is-config="true" duration-ms="10999" started-at="2020-09-22T05:06:00Z" finished-at="2020-09-22T05:06:11Z">
          <reporter-output>
          </reporter-output>
        </test-method> <!-- setUpBrowser -->
        <test-method status="FAIL" signature="TC_DD_PDP_Quantity_Cases(java.util.Hashtable)[pri:0, instance:com.dollardays.testcases.Team9_ProductDescriptionPageTestCases@56620197]" name="TC_DD_PDP_Quantity_Cases" duration-ms="28414" started-at="2020-09-22T05:06:11Z" data-provider="dd-dataprovider" finished-at="2020-09-22T05:06:40Z">
          <params>
            <param index="0">
              <value>
                <![CDATA[{Close Popup?=Invalid, TestCase=Valid Qty,  Unlimited checkbox unchecked, TCID=TC2, SheetName=Popup, Runmode=Yes, UserName=srikanthtesting100@gmail.com, Password=cGFzc3dvcmQxMjM=, Unlimited Check?=No, Qty=10.0}]]>
              </value>
            </param>
          </params>
          <exception class="org.openqa.selenium.NoSuchElementException">
            <message>
              <![CDATA[no such element: Unable to locate element: {"method":"xpath","selector":"//input[@id='ctl00_cphContent_btnClearCart']"}
  (Session info: chrome=85.0.4183.102)
  (Driver info: chromedriver=84.0.4147.30 (48b3e868b4cc0aa7e8149519690b6f6949e110a8-refs/branch-heads/4147@{#310}),platform=Windows NT 10.0.18362 x86_64) (WARNING: The server did not provide any stacktrace information)
Command duration or timeout: 32 milliseconds
For documentation on this error, please visit: http://seleniumhq.org/exceptions/no_such_element.html
Build info: version: '2.53.1', revision: 'a36b8b1cd5757287168e54b817830adce9b0158d', time: '2016-06-30 19:26:09'
System info: host: 'sys', ip: '10.128.180.99', os.name: 'Windows 10', os.arch: 'amd64', os.version: '10.0', java.version: '1.8.0_211'
Driver info: org.openqa.selenium.chrome.ChromeDriver
Capabilities [{mobileEmulationEnabled=false, timeouts={implicit=0, pageLoad=300000, script=30000}, hasTouchScreen=false, platform=XP, acceptSslCerts=false, goog:chromeOptions={debuggerAddress=localhost:52660}, acceptInsecureCerts=false, webStorageEnabled=true, browserName=chrome, takesScreenshot=true, javascriptEnabled=true, setWindowRect=true, unexpectedAlertBehaviour=ignore, applicationCacheEnabled=false, rotatable=false, networkConnectionEnabled=false, chrome={chromedriverVersion=84.0.4147.30 (48b3e868b4cc0aa7e8149519690b6f6949e110a8-refs/branch-heads/4147@{#310}), userDataDir=C:\Users\ptnaidu\AppData\Local\Temp\scoped_dir25672_916765178}, takesHeapSnapshot=true, pageLoadStrategy=normal, strictFileInteractability=false, databaseEnabled=false, handlesAlerts=true, version=85.0.4183.102, browserConnectionEnabled=false, proxy={}, nativeEvents=true, locationContextEnabled=true, cssSelectorsEnabled=true, webauthn:virtualAuthenticators=true}]
Session ID: a34fc024f0d3b066fb180bef49cbde32
*** Element info: {Using=xpath, value=//input[@id='ctl00_cphContent_btnClearCart']}]]>
            </message>
            <full-stacktrace>
              <![CDATA[org.openqa.selenium.NoSuchElementException: no such element: Unable to locate element: {"method":"xpath","selector":"//input[@id='ctl00_cphContent_btnClearCart']"}
  (Session info: chrome=85.0.4183.102)
  (Driver info: chromedriver=84.0.4147.30 (48b3e868b4cc0aa7e8149519690b6f6949e110a8-refs/branch-heads/4147@{#310}),platform=Windows NT 10.0.18362 x86_64) (WARNING: The server did not provide any stacktrace information)
Command duration or timeout: 32 milliseconds
For documentation on this error, please visit: http://seleniumhq.org/exceptions/no_such_element.html
Build info: version: '2.53.1', revision: 'a36b8b1cd5757287168e54b817830adce9b0158d', time: '2016-06-30 19:26:09'
System info: host: 'sys', ip: '10.128.180.99', os.name: 'Windows 10', os.arch: 'amd64', os.version: '10.0', java.version: '1.8.0_211'
Driver info: org.openqa.selenium.chrome.ChromeDriver
Capabilities [{mobileEmulationEnabled=false, timeouts={implicit=0, pageLoad=300000, script=30000}, hasTouchScreen=false, platform=XP, acceptSslCerts=false, goog:chromeOptions={debuggerAddress=localhost:52660}, acceptInsecureCerts=false, webStorageEnabled=true, browserName=chrome, takesScreenshot=true, javascriptEnabled=true, setWindowRect=true, unexpectedAlertBehaviour=ignore, applicationCacheEnabled=false, rotatable=false, networkConnectionEnabled=false, chrome={chromedriverVersion=84.0.4147.30 (48b3e868b4cc0aa7e8149519690b6f6949e110a8-refs/branch-heads/4147@{#310}), userDataDir=C:\Users\ptnaidu\AppData\Local\Temp\scoped_dir25672_916765178}, takesHeapSnapshot=true, pageLoadStrategy=normal, strictFileInteractability=false, databaseEnabled=false, handlesAlerts=true, version=85.0.4183.102, browserConnectionEnabled=false, proxy={}, nativeEvents=true, locationContextEnabled=true, cssSelectorsEnabled=true, webauthn:virtualAuthenticators=true}]
Session ID: a34fc024f0d3b066fb180bef49cbde32
*** Element info: {Using=xpath, value=//input[@id='ctl00_cphContent_btnClearCart']}
at sun.reflect.NativeConstructorAccessorImpl.newInstance0(Native Method)
at sun.reflect.NativeConstructorAccessorImpl.newInstance(NativeConstructorAccessorImpl.java:62)
at sun.reflect.DelegatingConstructorAccessorImpl.newInstance(DelegatingConstructorAccessorImpl.java:45)
at java.lang.reflect.Constructor.newInstance(Constructor.java:423)
at org.openqa.selenium.remote.ErrorHandler.createThrowable(ErrorHandler.java:206)
at org.openqa.selenium.remote.ErrorHandler.throwIfResponseFailed(ErrorHandler.java:158)
at org.openqa.selenium.remote.RemoteWebDriver.execute(RemoteWebDriver.java:678)
at org.openqa.selenium.remote.RemoteWebDriver.findElement(RemoteWebDriver.java:363)
at org.openqa.selenium.remote.RemoteWebDriver.findElementByXPath(RemoteWebDriver.java:500)
at org.openqa.selenium.By$ByXPath.findElement(By.java:361)
at org.openqa.selenium.remote.RemoteWebDriver.findElement(RemoteWebDriver.java:355)
at org.openqa.selenium.support.pagefactory.DefaultElementLocator.findElement(DefaultElementLocator.java:69)
at org.openqa.selenium.support.pagefactory.internal.LocatingElementHandler.invoke(LocatingElementHandler.java:38)
at com.sun.proxy.$Proxy9.click(Unknown Source)
at com.dollardays.pages.Team9_ProductDescriptionPage.viewAndClearCart(Team9_ProductDescriptionPage.java:92)
at com.dollardays.pages.Team9_ProductDescriptionPage.verifyAddToMyCart(Team9_ProductDescriptionPage.java:218)
at com.dollardays.testcases.Team9_ProductDescriptionPageTestCases.TC_DD_PDP_Quantity_Cases(Team9_ProductDescriptionPageTestCases.java:167)
at sun.reflect.NativeMethodAccessorImpl.invoke0(Native Method)
at sun.reflect.NativeMethodAccessorImpl.invoke(NativeMethodAccessorImpl.java:62)
at sun.reflect.DelegatingMethodAccessorImpl.invoke(DelegatingMethodAccessorImpl.java:43)
at java.lang.reflect.Method.invoke(Method.java:498)
at org.testng.internal.MethodInvocationHelper.invokeMethod(MethodInvocationHelper.java:124)
at org.testng.internal.Invoker.invokeMethod(Invoker.java:583)
at org.testng.internal.Invoker.invokeTestMethod(Invoker.java:719)
at org.testng.internal.Invoker.invokeTestMethods(Invoker.java:989)
at org.testng.internal.TestMethodWorker.invokeTestMethods(TestMethodWorker.java:125)
at org.testng.internal.TestMethodWorker.run(TestMethodWorker.java:109)
at org.testng.TestRunner.privateRun(TestRunner.java:648)
at org.testng.TestRunner.run(TestRunner.java:505)
at org.testng.SuiteRunner.runTest(SuiteRunner.java:455)
at org.testng.SuiteRunner.runSequentially(SuiteRunner.java:450)
at org.testng.SuiteRunner.privateRun(SuiteRunner.java:415)
at org.testng.SuiteRunner.run(SuiteRunner.java:364)
at org.testng.SuiteRunnerWorker.runSuite(SuiteRunnerWorker.java:52)
at org.testng.SuiteRunnerWorker.run(SuiteRunnerWorker.java:84)
at org.testng.TestNG.runSuitesSequentially(TestNG.java:1208)
at org.testng.TestNG.runSuitesLocally(TestNG.java:1137)
at org.testng.TestNG.runSuites(TestNG.java:1049)
at org.testng.TestNG.run(TestNG.java:1017)
at org.testng.remote.AbstractRemoteTestNG.run(AbstractRemoteTestNG.java:115)
at org.testng.remote.RemoteTestNG.initAndRun(RemoteTestNG.java:251)
at org.testng.remote.RemoteTestNG.main(RemoteTestNG.java:77)
]]>
            </full-stacktrace>
          </exception> <!-- org.openqa.selenium.NoSuchElementException -->
          <reporter-output>
          </reporter-output>
        </test-method> <!-- TC_DD_PDP_Quantity_Cases -->
        <test-method status="PASS" signature="quit()[pri:0, instance:com.dollardays.testcases.Team9_ProductDescriptionPageTestCases@56620197]" name="quit" is-config="true" duration-ms="5412" started-at="2020-09-22T05:06:40Z" finished-at="2020-09-22T05:06:45Z">
          <reporter-output>
          </reporter-output>
        </test-method> <!-- quit -->
        <test-method status="PASS" signature="setUpBrowser()[pri:0, instance:com.dollardays.testcases.Team9_ProductDescriptionPageTestCases@56620197]" name="setUpBrowser" is-config="true" duration-ms="11191" started-at="2020-09-22T05:06:45Z" finished-at="2020-09-22T05:06:56Z">
          <reporter-output>
          </reporter-output>
        </test-method> <!-- setUpBrowser -->
        <test-method status="PASS" signature="TC_DD_PDP_Quantity_Cases(java.util.Hashtable)[pri:0, instance:com.dollardays.testcases.Team9_ProductDescriptionPageTestCases@56620197]" name="TC_DD_PDP_Quantity_Cases" duration-ms="28780" started-at="2020-09-22T05:06:56Z" data-provider="dd-dataprovider" finished-at="2020-09-22T05:07:25Z">
          <params>
            <param index="0">
              <value>
                <![CDATA[{Close Popup?=CloseBtn, TestCase=Invalid Qty,  Unlimited checkbox unchecked, Close popup by pressing Close button, TCID=TC3, SheetName=Popup, Runmode=Yes, UserName=srikanthtesting100@gmail.com, Password=cGFzc3dvcmQxMjM=, Unlimited Check?=No, Qty=100000.0}]]>
              </value>
            </param>
          </params>
          <reporter-output>
          </reporter-output>
        </test-method> <!-- TC_DD_PDP_Quantity_Cases -->
        <test-method status="PASS" signature="quit()[pri:0, instance:com.dollardays.testcases.Team9_ProductDescriptionPageTestCases@56620197]" name="quit" is-config="true" duration-ms="5424" started-at="2020-09-22T05:07:25Z" finished-at="2020-09-22T05:07:31Z">
          <reporter-output>
          </reporter-output>
        </test-method> <!-- quit -->
        <test-method status="PASS" signature="setUpBrowser()[pri:0, instance:com.dollardays.testcases.Team9_ProductDescriptionPageTestCases@56620197]" name="setUpBrowser" is-config="true" duration-ms="11765" started-at="2020-09-22T05:07:31Z" finished-at="2020-09-22T05:07:42Z">
          <reporter-output>
          </reporter-output>
        </test-method> <!-- setUpBrowser -->
        <test-method status="PASS" signature="TC_DD_PDP_Quantity_Cases(java.util.Hashtable)[pri:0, instance:com.dollardays.testcases.Team9_ProductDescriptionPageTestCases@56620197]" name="TC_DD_PDP_Quantity_Cases" duration-ms="27930" started-at="2020-09-22T05:07:42Z" data-provider="dd-dataprovider" finished-at="2020-09-22T05:08:10Z">
          <params>
            <param index="0">
              <value>
                <![CDATA[{Close Popup?=Invalid, TestCase=Zero Qty,  Unlimited checkbox checked, TCID=TC4, SheetName=Popup, Runmode=Yes, UserName=srikanthtesting100@gmail.com, Password=cGFzc3dvcmQxMjM=, Unlimited Check?=Yes, Qty=0.0}]]>
              </value>
            </param>
          </params>
          <reporter-output>
          </reporter-output>
        </test-method> <!-- TC_DD_PDP_Quantity_Cases -->
        <test-method status="PASS" signature="quit()[pri:0, instance:com.dollardays.testcases.Team9_ProductDescriptionPageTestCases@56620197]" name="quit" is-config="true" duration-ms="5472" started-at="2020-09-22T05:08:10Z" finished-at="2020-09-22T05:08:16Z">
          <reporter-output>
          </reporter-output>
        </test-method> <!-- quit -->
        <test-method status="PASS" signature="setUpBrowser()[pri:0, instance:com.dollardays.testcases.Team9_ProductDescriptionPageTestCases@56620197]" name="setUpBrowser" is-config="true" duration-ms="10971" started-at="2020-09-22T05:08:16Z" finished-at="2020-09-22T05:08:27Z">
          <reporter-output>
          </reporter-output>
        </test-method> <!-- setUpBrowser -->
        <test-method status="PASS" signature="TC_DD_PDP_Quantity_Cases(java.util.Hashtable)[pri:0, instance:com.dollardays.testcases.Team9_ProductDescriptionPageTestCases@56620197]" name="TC_DD_PDP_Quantity_Cases" duration-ms="26207" started-at="2020-09-22T05:08:27Z" data-provider="dd-dataprovider" finished-at="2020-09-22T05:08:53Z">
          <params>
            <param index="0">
              <value>
                <![CDATA[{Close Popup?=Invalid, TestCase=Valid Qty,  Unlimited checkbox checked, TCID=TC5, SheetName=Popup, Runmode=Yes, UserName=srikanthtesting100@gmail.com, Password=cGFzc3dvcmQxMjM=, Unlimited Check?=Yes, Qty=10.0}]]>
              </value>
            </param>
          </params>
          <reporter-output>
          </reporter-output>
        </test-method> <!-- TC_DD_PDP_Quantity_Cases -->
        <test-method status="PASS" signature="quit()[pri:0, instance:com.dollardays.testcases.Team9_ProductDescriptionPageTestCases@56620197]" name="quit" is-config="true" duration-ms="5443" started-at="2020-09-22T05:08:53Z" finished-at="2020-09-22T05:08:58Z">
          <reporter-output>
          </reporter-output>
        </test-method> <!-- quit -->
        <test-method status="PASS" signature="setUpBrowser()[pri:0, instance:com.dollardays.testcases.Team9_ProductDescriptionPageTestCases@56620197]" name="setUpBrowser" is-config="true" duration-ms="11653" started-at="2020-09-22T05:08:58Z" finished-at="2020-09-22T05:09:10Z">
          <reporter-output>
          </reporter-output>
        </test-method> <!-- setUpBrowser -->
        <test-method status="PASS" signature="TC_DD_PDP_Quantity_Cases(java.util.Hashtable)[pri:0, instance:com.dollardays.testcases.Team9_ProductDescriptionPageTestCases@56620197]" name="TC_DD_PDP_Quantity_Cases" duration-ms="27084" started-at="2020-09-22T05:09:10Z" data-provider="dd-dataprovider" finished-at="2020-09-22T05:09:37Z">
          <params>
            <param index="0">
              <value>
                <![CDATA[{Close Popup?=Invalid, TestCase=Invalid Qty,  Unlimited checkbox checked, TCID=TC6, SheetName=Popup, Runmode=Yes, UserName=srikanthtesting100@gmail.com, Password=cGFzc3dvcmQxMjM=, Unlimited Check?=Yes, Qty=100000.0}]]>
              </value>
            </param>
          </params>
          <reporter-output>
          </reporter-output>
        </test-method> <!-- TC_DD_PDP_Quantity_Cases -->
        <test-method status="PASS" signature="quit()[pri:0, instance:com.dollardays.testcases.Team9_ProductDescriptionPageTestCases@56620197]" name="quit" is-config="true" duration-ms="5327" started-at="2020-09-22T05:09:37Z" finished-at="2020-09-22T05:09:43Z">
          <reporter-output>
          </reporter-output>
        </test-method> <!-- quit -->
        <test-method status="PASS" signature="setUpBrowser()[pri:0, instance:com.dollardays.testcases.Team9_ProductDescriptionPageTestCases@56620197]" name="setUpBrowser" is-config="true" duration-ms="11076" started-at="2020-09-22T05:09:43Z" finished-at="2020-09-22T05:09:54Z">
          <reporter-output>
          </reporter-output>
        </test-method> <!-- setUpBrowser -->
        <test-method status="PASS" signature="TC_DD_PDP_Quantity_Cases(java.util.Hashtable)[pri:0, instance:com.dollardays.testcases.Team9_ProductDescriptionPageTestCases@56620197]" name="TC_DD_PDP_Quantity_Cases" duration-ms="29320" started-at="2020-09-22T05:09:54Z" data-provider="dd-dataprovider" finished-at="2020-09-22T05:10:23Z">
          <params>
            <param index="0">
              <value>
                <![CDATA[{Close Popup?=Outside, TestCase=Zero Qty,  Unlimited checkbox unchecked, Close popup by pressing outside the popup, TCID=TC7, SheetName=Popup, Runmode=Yes, UserName=srikanthtesting100@gmail.com, Password=cGFzc3dvcmQxMjM=, Unlimited Check?=No, Qty=0.0}]]>
              </value>
            </param>
          </params>
          <reporter-output>
          </reporter-output>
        </test-method> <!-- TC_DD_PDP_Quantity_Cases -->
        <test-method status="PASS" signature="quit()[pri:0, instance:com.dollardays.testcases.Team9_ProductDescriptionPageTestCases@56620197]" name="quit" is-config="true" duration-ms="5375" started-at="2020-09-22T05:10:23Z" finished-at="2020-09-22T05:10:28Z">
          <reporter-output>
          </reporter-output>
        </test-method> <!-- quit -->
        <test-method status="PASS" signature="setUpBrowser()[pri:0, instance:com.dollardays.testcases.Team9_ProductDescriptionPageTestCases@56620197]" name="setUpBrowser" is-config="true" duration-ms="11386" started-at="2020-09-22T05:10:28Z" finished-at="2020-09-22T05:10:40Z">
          <reporter-output>
          </reporter-output>
        </test-method> <!-- setUpBrowser -->
        <test-method status="PASS" signature="TC_DD_PDP_Quantity_Cases(java.util.Hashtable)[pri:0, instance:com.dollardays.testcases.Team9_ProductDescriptionPageTestCases@56620197]" name="TC_DD_PDP_Quantity_Cases" duration-ms="27678" started-at="2020-09-22T05:10:40Z" data-provider="dd-dataprovider" finished-at="2020-09-22T05:11:07Z">
          <params>
            <param index="0">
              <value>
                <![CDATA[{Close Popup?=Outside, TestCase=Invalid Qty,  Unlimited checkbox unchecked, Close popup by pressing outside the popup, TCID=TC8, SheetName=Popup, Runmode=Yes, UserName=srikanthtesting100@gmail.com, Password=cGFzc3dvcmQxMjM=, Unlimited Check?=No, Qty=100000.0}]]>
              </value>
            </param>
          </params>
          <reporter-output>
          </reporter-output>
        </test-method> <!-- TC_DD_PDP_Quantity_Cases -->
        <test-method status="PASS" signature="quit()[pri:0, instance:com.dollardays.testcases.Team9_ProductDescriptionPageTestCases@56620197]" name="quit" is-config="true" duration-ms="5315" started-at="2020-09-22T05:11:07Z" finished-at="2020-09-22T05:11:13Z">
          <reporter-output>
          </reporter-output>
        </test-method> <!-- quit -->
      </class> <!-- com.dollardays.testcases.Team9_ProductDescriptionPageTestCases -->
    </test> <!-- Dollar Days Test -->
  </suite> <!-- Suite -->
</testng-results>
